{"__type":"$$EventMessageAudit","id":"4bc7ecc2-1c77-4990-adc3-c88e6f7ac254","ts":"2025-12-13T11:28:52.975-05:00","eventName":"n8n.audit.workflow.created","message":"n8n.audit.workflow.created","payload":{"userId":"f84b5208-c56a-4fe0-a7f2-9b6c67fd7590","_email":"arvanj518@gmail.com","_firstName":"Arvan","_lastName":"Jindam","globalRole":"global:owner","workflowId":"hCHBiVjz6LbZz8hS","workflowName":"My workflow"}}
{"__type":"$$EventMessageConfirm","confirm":"4bc7ecc2-1c77-4990-adc3-c88e6f7ac254","ts":"2025-12-13T11:28:52.975-05:00","source":{"id":"0","name":"eventBus"}}
{"__type":"$$EventMessageWorkflow","id":"ea81dc5b-32d9-4c03-bb08-da2eca4422fb","ts":"2025-12-13T11:28:53.110-05:00","eventName":"n8n.workflow.started","message":"n8n.workflow.started","payload":{"executionId":"1","workflowId":"hCHBiVjz6LbZz8hS","isManual":false,"workflowName":"My workflow"}}
{"__type":"$$EventMessageConfirm","confirm":"ea81dc5b-32d9-4c03-bb08-da2eca4422fb","ts":"2025-12-13T11:28:53.110-05:00","source":{"id":"0","name":"eventBus"}}
{"__type":"$$EventMessageNode","id":"ff00925d-a652-4bdd-abce-af8ccf71acb0","ts":"2025-12-13T11:28:53.111-05:00","eventName":"n8n.node.started","message":"n8n.node.started","payload":{"workflowId":"hCHBiVjz6LbZz8hS","workflowName":"My workflow","executionId":"1","nodeType":"n8n-nodes-base.scheduleTrigger","nodeName":"Schedule Trigger","nodeId":"7592b14f-8f08-46e7-96de-9d383cb6587e"}}
{"__type":"$$EventMessageConfirm","confirm":"ff00925d-a652-4bdd-abce-af8ccf71acb0","ts":"2025-12-13T11:28:53.111-05:00","source":{"id":"0","name":"eventBus"}}
{"__type":"$$EventMessageNode","id":"9e3bbeaf-e856-499a-b7a2-af2e18c9baf8","ts":"2025-12-13T11:28:53.121-05:00","eventName":"n8n.node.finished","message":"n8n.node.finished","payload":{"workflowId":"hCHBiVjz6LbZz8hS","workflowName":"My workflow","executionId":"1","nodeType":"n8n-nodes-base.scheduleTrigger","nodeName":"Schedule Trigger","nodeId":"7592b14f-8f08-46e7-96de-9d383cb6587e"}}
{"__type":"$$EventMessageConfirm","confirm":"9e3bbeaf-e856-499a-b7a2-af2e18c9baf8","ts":"2025-12-13T11:28:53.121-05:00","source":{"id":"0","name":"eventBus"}}
{"__type":"$$EventMessageWorkflow","id":"bb7a3f1d-626c-466d-a5e3-ef0b8f6356db","ts":"2025-12-13T11:28:53.124-05:00","eventName":"n8n.workflow.success","message":"n8n.workflow.success","payload":{"userId":"f84b5208-c56a-4fe0-a7f2-9b6c67fd7590","executionId":"1","success":true,"isManual":true,"workflowId":"hCHBiVjz6LbZz8hS","workflowName":"My workflow"}}
{"__type":"$$EventMessageConfirm","confirm":"bb7a3f1d-626c-466d-a5e3-ef0b8f6356db","ts":"2025-12-13T11:28:53.124-05:00","source":{"id":"0","name":"eventBus"}}
{"__type":"$$EventMessageWorkflow","id":"c7719e9d-54dc-4b0a-9f4a-60ec62022385","ts":"2025-12-13T11:37:45.769-05:00","eventName":"n8n.workflow.started","message":"n8n.workflow.started","payload":{"executionId":"2","workflowId":"hCHBiVjz6LbZz8hS","isManual":false,"workflowName":"My workflow"}}
{"__type":"$$EventMessageConfirm","confirm":"c7719e9d-54dc-4b0a-9f4a-60ec62022385","ts":"2025-12-13T11:37:45.769-05:00","source":{"id":"0","name":"eventBus"}}
{"__type":"$$EventMessageNode","id":"070e9988-cbad-4f41-b670-8b9745793713","ts":"2025-12-13T11:37:45.770-05:00","eventName":"n8n.node.started","message":"n8n.node.started","payload":{"workflowId":"hCHBiVjz6LbZz8hS","workflowName":"My workflow","executionId":"2","nodeType":"n8n-nodes-base.rssFeedRead","nodeName":"RSS Read","nodeId":"1554ec97-ceb8-46fe-8f29-48878de6b99f"}}
{"__type":"$$EventMessageConfirm","confirm":"070e9988-cbad-4f41-b670-8b9745793713","ts":"2025-12-13T11:37:45.770-05:00","source":{"id":"0","name":"eventBus"}}
{"__type":"$$EventMessageNode","id":"ae20790a-2d86-4266-acb6-259692c377d9","ts":"2025-12-13T11:37:46.052-05:00","eventName":"n8n.node.finished","message":"n8n.node.finished","payload":{"workflowId":"hCHBiVjz6LbZz8hS","workflowName":"My workflow","executionId":"2","nodeType":"n8n-nodes-base.rssFeedRead","nodeName":"RSS Read","nodeId":"1554ec97-ceb8-46fe-8f29-48878de6b99f"}}
{"__type":"$$EventMessageConfirm","confirm":"ae20790a-2d86-4266-acb6-259692c377d9","ts":"2025-12-13T11:37:46.053-05:00","source":{"id":"0","name":"eventBus"}}
{"__type":"$$EventMessageWorkflow","id":"4996412f-f5e8-417c-800e-1d66d4b39fc8","ts":"2025-12-13T11:37:46.055-05:00","eventName":"n8n.workflow.success","message":"n8n.workflow.success","payload":{"userId":"f84b5208-c56a-4fe0-a7f2-9b6c67fd7590","executionId":"2","success":true,"isManual":true,"workflowId":"hCHBiVjz6LbZz8hS","workflowName":"My workflow"}}
{"__type":"$$EventMessageConfirm","confirm":"4996412f-f5e8-417c-800e-1d66d4b39fc8","ts":"2025-12-13T11:37:46.056-05:00","source":{"id":"0","name":"eventBus"}}
{"__type":"$$EventMessageWorkflow","id":"2ada6387-9616-47a2-ba3e-f92d6b7d29fa","ts":"2025-12-13T11:39:53.911-05:00","eventName":"n8n.workflow.started","message":"n8n.workflow.started","payload":{"executionId":"3","workflowId":"hCHBiVjz6LbZz8hS","isManual":false,"workflowName":"My workflow"}}
{"__type":"$$EventMessageConfirm","confirm":"2ada6387-9616-47a2-ba3e-f92d6b7d29fa","ts":"2025-12-13T11:39:53.911-05:00","source":{"id":"0","name":"eventBus"}}
{"__type":"$$EventMessageNode","id":"26b9da28-2c19-45d9-a3f4-61edfd33a9dd","ts":"2025-12-13T11:39:53.912-05:00","eventName":"n8n.node.started","message":"n8n.node.started","payload":{"workflowId":"hCHBiVjz6LbZz8hS","workflowName":"My workflow","executionId":"3","nodeType":"n8n-nodes-base.rssFeedRead","nodeName":"RSS Read1","nodeId":"293c3543-c68b-4eca-acdc-53908cdf1d22"}}
{"__type":"$$EventMessageConfirm","confirm":"26b9da28-2c19-45d9-a3f4-61edfd33a9dd","ts":"2025-12-13T11:39:53.912-05:00","source":{"id":"0","name":"eventBus"}}
{"__type":"$$EventMessageNode","id":"e8c6daae-02ae-4fe0-b22d-a864ee346372","ts":"2025-12-13T11:39:54.070-05:00","eventName":"n8n.node.finished","message":"n8n.node.finished","payload":{"workflowId":"hCHBiVjz6LbZz8hS","workflowName":"My workflow","executionId":"3","nodeType":"n8n-nodes-base.rssFeedRead","nodeName":"RSS Read1","nodeId":"293c3543-c68b-4eca-acdc-53908cdf1d22"}}
{"__type":"$$EventMessageConfirm","confirm":"e8c6daae-02ae-4fe0-b22d-a864ee346372","ts":"2025-12-13T11:39:54.070-05:00","source":{"id":"0","name":"eventBus"}}
{"__type":"$$EventMessageWorkflow","id":"e9a2ebc4-6a0b-46a6-bf32-28d91cb593a9","ts":"2025-12-13T11:39:54.072-05:00","eventName":"n8n.workflow.success","message":"n8n.workflow.success","payload":{"userId":"f84b5208-c56a-4fe0-a7f2-9b6c67fd7590","executionId":"3","success":true,"isManual":true,"workflowId":"hCHBiVjz6LbZz8hS","workflowName":"My workflow"}}
{"__type":"$$EventMessageConfirm","confirm":"e9a2ebc4-6a0b-46a6-bf32-28d91cb593a9","ts":"2025-12-13T11:39:54.072-05:00","source":{"id":"0","name":"eventBus"}}
{"__type":"$$EventMessageWorkflow","id":"b724f99c-ad72-44f3-86c4-34079db07592","ts":"2025-12-13T11:40:45.694-05:00","eventName":"n8n.workflow.started","message":"n8n.workflow.started","payload":{"executionId":"4","workflowId":"hCHBiVjz6LbZz8hS","isManual":false,"workflowName":"My workflow"}}
{"__type":"$$EventMessageConfirm","confirm":"b724f99c-ad72-44f3-86c4-34079db07592","ts":"2025-12-13T11:40:45.694-05:00","source":{"id":"0","name":"eventBus"}}
{"__type":"$$EventMessageNode","id":"6f3b19aa-33b1-4ff0-bddf-4f92eb8ac80a","ts":"2025-12-13T11:40:45.695-05:00","eventName":"n8n.node.started","message":"n8n.node.started","payload":{"workflowId":"hCHBiVjz6LbZz8hS","workflowName":"My workflow","executionId":"4","nodeType":"n8n-nodes-base.rssFeedRead","nodeName":"Seeking Alpha","nodeId":"6b9014df-1df9-49fa-8bcd-822e0c5f6a2a"}}
{"__type":"$$EventMessageConfirm","confirm":"6f3b19aa-33b1-4ff0-bddf-4f92eb8ac80a","ts":"2025-12-13T11:40:45.695-05:00","source":{"id":"0","name":"eventBus"}}
{"__type":"$$EventMessageNode","id":"3e04b71e-66a7-486b-82d0-a92cb3448f55","ts":"2025-12-13T11:40:46.039-05:00","eventName":"n8n.node.finished","message":"n8n.node.finished","payload":{"workflowId":"hCHBiVjz6LbZz8hS","workflowName":"My workflow","executionId":"4","nodeType":"n8n-nodes-base.rssFeedRead","nodeName":"Seeking Alpha","nodeId":"6b9014df-1df9-49fa-8bcd-822e0c5f6a2a"}}
{"__type":"$$EventMessageConfirm","confirm":"3e04b71e-66a7-486b-82d0-a92cb3448f55","ts":"2025-12-13T11:40:46.039-05:00","source":{"id":"0","name":"eventBus"}}
{"__type":"$$EventMessageWorkflow","id":"caaa6ea6-104d-45bf-8350-d6e0d8580d5b","ts":"2025-12-13T11:40:46.041-05:00","eventName":"n8n.workflow.failed","message":"n8n.workflow.failed","payload":{"userId":"f84b5208-c56a-4fe0-a7f2-9b6c67fd7590","executionId":"4","success":false,"isManual":true,"workflowId":"hCHBiVjz6LbZz8hS","workflowName":"My workflow","lastNodeExecuted":"Seeking Alpha","errorNodeType":"n8n-nodes-base.rssFeedRead","errorMessage":"Status code 404"}}
{"__type":"$$EventMessageConfirm","confirm":"caaa6ea6-104d-45bf-8350-d6e0d8580d5b","ts":"2025-12-13T11:40:46.041-05:00","source":{"id":"0","name":"eventBus"}}
{"__type":"$$EventMessageWorkflow","id":"40a6ffde-a4cc-47ab-b3aa-b2f47f30e9c2","ts":"2025-12-13T11:40:58.903-05:00","eventName":"n8n.workflow.started","message":"n8n.workflow.started","payload":{"executionId":"5","workflowId":"hCHBiVjz6LbZz8hS","isManual":false,"workflowName":"My workflow"}}
{"__type":"$$EventMessageConfirm","confirm":"40a6ffde-a4cc-47ab-b3aa-b2f47f30e9c2","ts":"2025-12-13T11:40:58.903-05:00","source":{"id":"0","name":"eventBus"}}
{"__type":"$$EventMessageNode","id":"520680cf-6a9a-4ef3-a423-b82718033ad1","ts":"2025-12-13T11:40:58.903-05:00","eventName":"n8n.node.started","message":"n8n.node.started","payload":{"workflowId":"hCHBiVjz6LbZz8hS","workflowName":"My workflow","executionId":"5","nodeType":"n8n-nodes-base.rssFeedRead","nodeName":"Seeking Alpha","nodeId":"6b9014df-1df9-49fa-8bcd-822e0c5f6a2a"}}
{"__type":"$$EventMessageConfirm","confirm":"520680cf-6a9a-4ef3-a423-b82718033ad1","ts":"2025-12-13T11:40:58.903-05:00","source":{"id":"0","name":"eventBus"}}
{"__type":"$$EventMessageNode","id":"e0232677-86e9-4cd3-b3fc-afdf126b6b94","ts":"2025-12-13T11:40:59.018-05:00","eventName":"n8n.node.finished","message":"n8n.node.finished","payload":{"workflowId":"hCHBiVjz6LbZz8hS","workflowName":"My workflow","executionId":"5","nodeType":"n8n-nodes-base.rssFeedRead","nodeName":"Seeking Alpha","nodeId":"6b9014df-1df9-49fa-8bcd-822e0c5f6a2a"}}
{"__type":"$$EventMessageConfirm","confirm":"e0232677-86e9-4cd3-b3fc-afdf126b6b94","ts":"2025-12-13T11:40:59.018-05:00","source":{"id":"0","name":"eventBus"}}
{"__type":"$$EventMessageWorkflow","id":"06c620ec-07fd-4bf5-9478-e20d9a1eab44","ts":"2025-12-13T11:40:59.019-05:00","eventName":"n8n.workflow.failed","message":"n8n.workflow.failed","payload":{"userId":"f84b5208-c56a-4fe0-a7f2-9b6c67fd7590","executionId":"5","success":false,"isManual":true,"workflowId":"hCHBiVjz6LbZz8hS","workflowName":"My workflow","lastNodeExecuted":"Seeking Alpha","errorNodeType":"n8n-nodes-base.rssFeedRead","errorMessage":"Status code 404"}}
{"__type":"$$EventMessageConfirm","confirm":"06c620ec-07fd-4bf5-9478-e20d9a1eab44","ts":"2025-12-13T11:40:59.019-05:00","source":{"id":"0","name":"eventBus"}}
{"__type":"$$EventMessageWorkflow","id":"fc76f880-3551-4d49-80ad-03342062ebce","ts":"2025-12-13T11:41:22.490-05:00","eventName":"n8n.workflow.started","message":"n8n.workflow.started","payload":{"executionId":"6","workflowId":"hCHBiVjz6LbZz8hS","isManual":false,"workflowName":"My workflow"}}
{"__type":"$$EventMessageConfirm","confirm":"fc76f880-3551-4d49-80ad-03342062ebce","ts":"2025-12-13T11:41:22.490-05:00","source":{"id":"0","name":"eventBus"}}
{"__type":"$$EventMessageNode","id":"813c5813-b78b-4637-98fb-bf82f269ae5d","ts":"2025-12-13T11:41:22.491-05:00","eventName":"n8n.node.started","message":"n8n.node.started","payload":{"workflowId":"hCHBiVjz6LbZz8hS","workflowName":"My workflow","executionId":"6","nodeType":"n8n-nodes-base.rssFeedRead","nodeName":"Seeking Alpha","nodeId":"6b9014df-1df9-49fa-8bcd-822e0c5f6a2a"}}
{"__type":"$$EventMessageConfirm","confirm":"813c5813-b78b-4637-98fb-bf82f269ae5d","ts":"2025-12-13T11:41:22.491-05:00","source":{"id":"0","name":"eventBus"}}
{"__type":"$$EventMessageNode","id":"4be21980-7323-4b5d-9dcd-96450621a064","ts":"2025-12-13T11:41:22.693-05:00","eventName":"n8n.node.finished","message":"n8n.node.finished","payload":{"workflowId":"hCHBiVjz6LbZz8hS","workflowName":"My workflow","executionId":"6","nodeType":"n8n-nodes-base.rssFeedRead","nodeName":"Seeking Alpha","nodeId":"6b9014df-1df9-49fa-8bcd-822e0c5f6a2a"}}
{"__type":"$$EventMessageConfirm","confirm":"4be21980-7323-4b5d-9dcd-96450621a064","ts":"2025-12-13T11:41:22.693-05:00","source":{"id":"0","name":"eventBus"}}
{"__type":"$$EventMessageWorkflow","id":"498cdaff-2ee4-48f0-81b2-55f06ef22dc6","ts":"2025-12-13T11:41:22.695-05:00","eventName":"n8n.workflow.success","message":"n8n.workflow.success","payload":{"userId":"f84b5208-c56a-4fe0-a7f2-9b6c67fd7590","executionId":"6","success":true,"isManual":true,"workflowId":"hCHBiVjz6LbZz8hS","workflowName":"My workflow"}}
{"__type":"$$EventMessageConfirm","confirm":"498cdaff-2ee4-48f0-81b2-55f06ef22dc6","ts":"2025-12-13T11:41:22.695-05:00","source":{"id":"0","name":"eventBus"}}
{"__type":"$$EventMessageWorkflow","id":"a151516c-3646-4a50-9652-a329cd8d2d4d","ts":"2025-12-13T11:42:01.053-05:00","eventName":"n8n.workflow.started","message":"n8n.workflow.started","payload":{"executionId":"7","workflowId":"hCHBiVjz6LbZz8hS","isManual":false,"workflowName":"My workflow"}}
{"__type":"$$EventMessageConfirm","confirm":"a151516c-3646-4a50-9652-a329cd8d2d4d","ts":"2025-12-13T11:42:01.053-05:00","source":{"id":"0","name":"eventBus"}}
{"__type":"$$EventMessageNode","id":"a1a957fb-e852-4fa8-b761-3c73071cfe99","ts":"2025-12-13T11:42:01.054-05:00","eventName":"n8n.node.started","message":"n8n.node.started","payload":{"workflowId":"hCHBiVjz6LbZz8hS","workflowName":"My workflow","executionId":"7","nodeType":"n8n-nodes-base.rssFeedRead","nodeName":"Hacker News - Jobs","nodeId":"6aed25fb-670a-4533-9fa6-17f6affcba57"}}
{"__type":"$$EventMessageConfirm","confirm":"a1a957fb-e852-4fa8-b761-3c73071cfe99","ts":"2025-12-13T11:42:01.054-05:00","source":{"id":"0","name":"eventBus"}}
{"__type":"$$EventMessageNode","id":"2fc14711-8ade-435a-bcd4-428630b6d54f","ts":"2025-12-13T11:42:01.269-05:00","eventName":"n8n.node.finished","message":"n8n.node.finished","payload":{"workflowId":"hCHBiVjz6LbZz8hS","workflowName":"My workflow","executionId":"7","nodeType":"n8n-nodes-base.rssFeedRead","nodeName":"Hacker News - Jobs","nodeId":"6aed25fb-670a-4533-9fa6-17f6affcba57"}}
{"__type":"$$EventMessageConfirm","confirm":"2fc14711-8ade-435a-bcd4-428630b6d54f","ts":"2025-12-13T11:42:01.269-05:00","source":{"id":"0","name":"eventBus"}}
{"__type":"$$EventMessageWorkflow","id":"fab3f821-8485-4300-819d-017471873282","ts":"2025-12-13T11:42:01.270-05:00","eventName":"n8n.workflow.success","message":"n8n.workflow.success","payload":{"userId":"f84b5208-c56a-4fe0-a7f2-9b6c67fd7590","executionId":"7","success":true,"isManual":true,"workflowId":"hCHBiVjz6LbZz8hS","workflowName":"My workflow"}}
{"__type":"$$EventMessageConfirm","confirm":"fab3f821-8485-4300-819d-017471873282","ts":"2025-12-13T11:42:01.270-05:00","source":{"id":"0","name":"eventBus"}}
{"__type":"$$EventMessageWorkflow","id":"54ac8e8b-f560-43a7-ba34-69358b611b5a","ts":"2025-12-13T11:42:20.380-05:00","eventName":"n8n.workflow.started","message":"n8n.workflow.started","payload":{"executionId":"8","workflowId":"hCHBiVjz6LbZz8hS","isManual":false,"workflowName":"My workflow"}}
{"__type":"$$EventMessageConfirm","confirm":"54ac8e8b-f560-43a7-ba34-69358b611b5a","ts":"2025-12-13T11:42:20.380-05:00","source":{"id":"0","name":"eventBus"}}
{"__type":"$$EventMessageNode","id":"2c1165c4-3b9e-46a8-9f0e-1624572fc8b7","ts":"2025-12-13T11:42:20.381-05:00","eventName":"n8n.node.started","message":"n8n.node.started","payload":{"workflowId":"hCHBiVjz6LbZz8hS","workflowName":"My workflow","executionId":"8","nodeType":"n8n-nodes-base.scheduleTrigger","nodeName":"Schedule Trigger","nodeId":"7592b14f-8f08-46e7-96de-9d383cb6587e"}}
{"__type":"$$EventMessageConfirm","confirm":"2c1165c4-3b9e-46a8-9f0e-1624572fc8b7","ts":"2025-12-13T11:42:20.381-05:00","source":{"id":"0","name":"eventBus"}}
{"__type":"$$EventMessageNode","id":"cefd27ec-f636-4cdd-b80c-e362441cad08","ts":"2025-12-13T11:42:20.382-05:00","eventName":"n8n.node.finished","message":"n8n.node.finished","payload":{"workflowId":"hCHBiVjz6LbZz8hS","workflowName":"My workflow","executionId":"8","nodeType":"n8n-nodes-base.scheduleTrigger","nodeName":"Schedule Trigger","nodeId":"7592b14f-8f08-46e7-96de-9d383cb6587e"}}
{"__type":"$$EventMessageConfirm","confirm":"cefd27ec-f636-4cdd-b80c-e362441cad08","ts":"2025-12-13T11:42:20.382-05:00","source":{"id":"0","name":"eventBus"}}
{"__type":"$$EventMessageNode","id":"693d2262-bcfb-4c0c-9b67-456f465528d8","ts":"2025-12-13T11:42:20.383-05:00","eventName":"n8n.node.started","message":"n8n.node.started","payload":{"workflowId":"hCHBiVjz6LbZz8hS","workflowName":"My workflow","executionId":"8","nodeType":"n8n-nodes-base.rssFeedRead","nodeName":"Hacker News - Jobs","nodeId":"6aed25fb-670a-4533-9fa6-17f6affcba57"}}
{"__type":"$$EventMessageConfirm","confirm":"693d2262-bcfb-4c0c-9b67-456f465528d8","ts":"2025-12-13T11:42:20.383-05:00","source":{"id":"0","name":"eventBus"}}
{"__type":"$$EventMessageNode","id":"3a068d31-a5b0-47bb-b7ec-c35541747efa","ts":"2025-12-13T11:42:20.585-05:00","eventName":"n8n.node.finished","message":"n8n.node.finished","payload":{"workflowId":"hCHBiVjz6LbZz8hS","workflowName":"My workflow","executionId":"8","nodeType":"n8n-nodes-base.rssFeedRead","nodeName":"Hacker News - Jobs","nodeId":"6aed25fb-670a-4533-9fa6-17f6affcba57"}}
{"__type":"$$EventMessageConfirm","confirm":"3a068d31-a5b0-47bb-b7ec-c35541747efa","ts":"2025-12-13T11:42:20.585-05:00","source":{"id":"0","name":"eventBus"}}
{"__type":"$$EventMessageWorkflow","id":"a43eee9d-9457-4832-a229-0aa41683c118","ts":"2025-12-13T11:42:20.587-05:00","eventName":"n8n.workflow.success","message":"n8n.workflow.success","payload":{"userId":"f84b5208-c56a-4fe0-a7f2-9b6c67fd7590","executionId":"8","success":true,"isManual":true,"workflowId":"hCHBiVjz6LbZz8hS","workflowName":"My workflow"}}
{"__type":"$$EventMessageConfirm","confirm":"a43eee9d-9457-4832-a229-0aa41683c118","ts":"2025-12-13T11:42:20.587-05:00","source":{"id":"0","name":"eventBus"}}
{"__type":"$$EventMessageWorkflow","id":"b7173e60-95c9-4ac8-a2b2-77db6d93e367","ts":"2025-12-13T11:43:36.631-05:00","eventName":"n8n.workflow.started","message":"n8n.workflow.started","payload":{"executionId":"9","workflowId":"hCHBiVjz6LbZz8hS","isManual":false,"workflowName":"My workflow"}}
{"__type":"$$EventMessageConfirm","confirm":"b7173e60-95c9-4ac8-a2b2-77db6d93e367","ts":"2025-12-13T11:43:36.631-05:00","source":{"id":"0","name":"eventBus"}}
{"__type":"$$EventMessageNode","id":"96fee3dc-9aab-4a2f-97d9-1dced4d56788","ts":"2025-12-13T11:43:36.632-05:00","eventName":"n8n.node.started","message":"n8n.node.started","payload":{"workflowId":"hCHBiVjz6LbZz8hS","workflowName":"My workflow","executionId":"9","nodeType":"n8n-nodes-base.emailSend","nodeName":"Send email","nodeId":"01cd14e5-4103-495a-90b6-4ff2faf9168a"}}
{"__type":"$$EventMessageConfirm","confirm":"96fee3dc-9aab-4a2f-97d9-1dced4d56788","ts":"2025-12-13T11:43:36.632-05:00","source":{"id":"0","name":"eventBus"}}
{"__type":"$$EventMessageNode","id":"a55f83ff-7a08-4448-b8a0-f458bf46bee8","ts":"2025-12-13T11:43:36.640-05:00","eventName":"n8n.node.finished","message":"n8n.node.finished","payload":{"workflowId":"hCHBiVjz6LbZz8hS","workflowName":"My workflow","executionId":"9","nodeType":"n8n-nodes-base.emailSend","nodeName":"Send email","nodeId":"01cd14e5-4103-495a-90b6-4ff2faf9168a"}}
{"__type":"$$EventMessageConfirm","confirm":"a55f83ff-7a08-4448-b8a0-f458bf46bee8","ts":"2025-12-13T11:43:36.640-05:00","source":{"id":"0","name":"eventBus"}}
{"__type":"$$EventMessageWorkflow","id":"610e9dcf-1f7c-4f10-9baf-187f10d0ab6f","ts":"2025-12-13T11:43:36.641-05:00","eventName":"n8n.workflow.failed","message":"n8n.workflow.failed","payload":{"userId":"f84b5208-c56a-4fe0-a7f2-9b6c67fd7590","executionId":"9","success":false,"isManual":true,"workflowId":"hCHBiVjz6LbZz8hS","workflowName":"My workflow","lastNodeExecuted":"Send email","errorNodeType":"n8n-nodes-base.emailSend","errorMessage":"Node does not have any credentials set"}}
{"__type":"$$EventMessageConfirm","confirm":"610e9dcf-1f7c-4f10-9baf-187f10d0ab6f","ts":"2025-12-13T11:43:36.641-05:00","source":{"id":"0","name":"eventBus"}}
{"__type":"$$EventMessageAudit","id":"d63b91f8-a4c8-444a-b703-fac9987f0e68","ts":"2025-12-13T11:45:50.051-05:00","eventName":"n8n.audit.user.credentials.created","message":"n8n.audit.user.credentials.created","payload":{"userId":"f84b5208-c56a-4fe0-a7f2-9b6c67fd7590","_email":"arvanj518@gmail.com","_firstName":"Arvan","_lastName":"Jindam","globalRole":"global:owner","credentialType":"imap","credentialId":"dgKwMyxfCm2ILjD0","publicApi":false,"projectId":"EWC6tUmjlGdWVU37","projectType":"personal"}}
{"__type":"$$EventMessageConfirm","confirm":"d63b91f8-a4c8-444a-b703-fac9987f0e68","ts":"2025-12-13T11:45:50.051-05:00","source":{"id":"0","name":"eventBus"}}
{"__type":"$$EventMessageAudit","id":"f811e570-e523-480f-95c6-68f2d47b7e38","ts":"2025-12-13T11:46:22.036-05:00","eventName":"n8n.audit.user.credentials.updated","message":"n8n.audit.user.credentials.updated","payload":{"userId":"f84b5208-c56a-4fe0-a7f2-9b6c67fd7590","_email":"arvanj518@gmail.com","_firstName":"Arvan","_lastName":"Jindam","globalRole":"global:owner","credentialType":"imap","credentialId":"dgKwMyxfCm2ILjD0"}}
{"__type":"$$EventMessageConfirm","confirm":"f811e570-e523-480f-95c6-68f2d47b7e38","ts":"2025-12-13T11:46:22.036-05:00","source":{"id":"0","name":"eventBus"}}
{"__type":"$$EventMessageAudit","id":"1b769dd6-b5be-4844-b469-462f8b192a1b","ts":"2025-12-13T11:50:08.726-05:00","eventName":"n8n.audit.workflow.updated","message":"n8n.audit.workflow.updated","payload":{"userId":"f84b5208-c56a-4fe0-a7f2-9b6c67fd7590","_email":"arvanj518@gmail.com","_firstName":"Arvan","_lastName":"Jindam","globalRole":"global:owner","workflowId":"hCHBiVjz6LbZz8hS","workflowName":"RSS Feed"}}
{"__type":"$$EventMessageConfirm","confirm":"1b769dd6-b5be-4844-b469-462f8b192a1b","ts":"2025-12-13T11:50:08.726-05:00","source":{"id":"0","name":"eventBus"}}
{"__type":"$$EventMessageAudit","id":"d146e3c0-398b-49e1-80c1-6d648e0daa8c","ts":"2025-12-13T11:52:13.237-05:00","eventName":"n8n.audit.workflow.created","message":"n8n.audit.workflow.created","payload":{"userId":"f84b5208-c56a-4fe0-a7f2-9b6c67fd7590","_email":"arvanj518@gmail.com","_firstName":"Arvan","_lastName":"Jindam","globalRole":"global:owner","workflowId":"8YMfPnn1UMnPMkcI","workflowName":"Backup all n8n workflows to Google Drive every 4 hours"}}
{"__type":"$$EventMessageConfirm","confirm":"d146e3c0-398b-49e1-80c1-6d648e0daa8c","ts":"2025-12-13T11:52:13.237-05:00","source":{"id":"0","name":"eventBus"}}
{"__type":"$$EventMessageAudit","id":"e5dc713d-eb1a-4fa1-867f-75305b04381b","ts":"2025-12-13T11:55:23.876-05:00","eventName":"n8n.audit.workflow.created","message":"n8n.audit.workflow.created","payload":{"userId":"f84b5208-c56a-4fe0-a7f2-9b6c67fd7590","_email":"arvanj518@gmail.com","_firstName":"Arvan","_lastName":"Jindam","globalRole":"global:owner","workflowId":"R4CBS31ZSjYL9yn8","workflowName":"Automatic monitoring of multiple URLs with downtime alerts"}}
{"__type":"$$EventMessageConfirm","confirm":"e5dc713d-eb1a-4fa1-867f-75305b04381b","ts":"2025-12-13T11:55:23.876-05:00","source":{"id":"0","name":"eventBus"}}
{"__type":"$$EventMessageAudit","id":"6ebdb089-a93d-4a60-bfb8-d191392160e3","ts":"2025-12-13T11:59:57.216-05:00","eventName":"n8n.audit.workflow.created","message":"n8n.audit.workflow.created","payload":{"userId":"f84b5208-c56a-4fe0-a7f2-9b6c67fd7590","_email":"arvanj518@gmail.com","_firstName":"Arvan","_lastName":"Jindam","globalRole":"global:owner","workflowId":"hiHMQCsMeA6aGfc6","workflowName":"Automated Job Applications & Status Tracking with LinkedIn, Indeed & Google Sheets"}}
{"__type":"$$EventMessageConfirm","confirm":"6ebdb089-a93d-4a60-bfb8-d191392160e3","ts":"2025-12-13T11:59:57.217-05:00","source":{"id":"0","name":"eventBus"}}
{"__type":"$$EventMessageWorkflow","id":"f227d581-b0af-40b8-a901-b015f1c3a86d","ts":"2025-12-13T11:59:57.336-05:00","eventName":"n8n.workflow.started","message":"n8n.workflow.started","payload":{"executionId":"10","workflowId":"hiHMQCsMeA6aGfc6","isManual":false,"workflowName":"Automated Job Applications & Status Tracking with LinkedIn, Indeed & Google Sheets"}}
{"__type":"$$EventMessageConfirm","confirm":"f227d581-b0af-40b8-a901-b015f1c3a86d","ts":"2025-12-13T11:59:57.336-05:00","source":{"id":"0","name":"eventBus"}}
{"__type":"$$EventMessageNode","id":"a7bc7c6d-3683-4291-8266-c4ccd5be910b","ts":"2025-12-13T11:59:57.337-05:00","eventName":"n8n.node.started","message":"n8n.node.started","payload":{"workflowId":"hiHMQCsMeA6aGfc6","workflowName":"Automated Job Applications & Status Tracking with LinkedIn, Indeed & Google Sheets","executionId":"10","nodeType":"n8n-nodes-base.cron","nodeName":"🕘 Daily Application Trigger","nodeId":"daily-trigger"}}
{"__type":"$$EventMessageConfirm","confirm":"a7bc7c6d-3683-4291-8266-c4ccd5be910b","ts":"2025-12-13T11:59:57.337-05:00","source":{"id":"0","name":"eventBus"}}
{"__type":"$$EventMessageNode","id":"251d0b8a-c0fb-473a-9631-e837a08f3256","ts":"2025-12-13T11:59:57.339-05:00","eventName":"n8n.node.finished","message":"n8n.node.finished","payload":{"workflowId":"hiHMQCsMeA6aGfc6","workflowName":"Automated Job Applications & Status Tracking with LinkedIn, Indeed & Google Sheets","executionId":"10","nodeType":"n8n-nodes-base.cron","nodeName":"🕘 Daily Application Trigger","nodeId":"daily-trigger"}}
{"__type":"$$EventMessageConfirm","confirm":"251d0b8a-c0fb-473a-9631-e837a08f3256","ts":"2025-12-13T11:59:57.339-05:00","source":{"id":"0","name":"eventBus"}}
{"__type":"$$EventMessageNode","id":"7902c92a-55a2-4df2-815d-f7ee9379a33a","ts":"2025-12-13T11:59:57.339-05:00","eventName":"n8n.node.started","message":"n8n.node.started","payload":{"workflowId":"hiHMQCsMeA6aGfc6","workflowName":"Automated Job Applications & Status Tracking with LinkedIn, Indeed & Google Sheets","executionId":"10","nodeType":"n8n-nodes-base.set","nodeName":"⚙️ Configuration","nodeId":"configuration"}}
{"__type":"$$EventMessageConfirm","confirm":"7902c92a-55a2-4df2-815d-f7ee9379a33a","ts":"2025-12-13T11:59:57.339-05:00","source":{"id":"0","name":"eventBus"}}
{"__type":"$$EventMessageNode","id":"70b8d273-bb3b-47bd-8e63-fc21a4ebdca3","ts":"2025-12-13T11:59:57.341-05:00","eventName":"n8n.node.finished","message":"n8n.node.finished","payload":{"workflowId":"hiHMQCsMeA6aGfc6","workflowName":"Automated Job Applications & Status Tracking with LinkedIn, Indeed & Google Sheets","executionId":"10","nodeType":"n8n-nodes-base.set","nodeName":"⚙️ Configuration","nodeId":"configuration"}}
{"__type":"$$EventMessageConfirm","confirm":"70b8d273-bb3b-47bd-8e63-fc21a4ebdca3","ts":"2025-12-13T11:59:57.341-05:00","source":{"id":"0","name":"eventBus"}}
{"__type":"$$EventMessageNode","id":"eb6c5086-66a9-4d7a-a180-984bd69867ab","ts":"2025-12-13T11:59:57.342-05:00","eventName":"n8n.node.started","message":"n8n.node.started","payload":{"workflowId":"hiHMQCsMeA6aGfc6","workflowName":"Automated Job Applications & Status Tracking with LinkedIn, Indeed & Google Sheets","executionId":"10","nodeType":"n8n-nodes-base.googleSheets","nodeName":"📖 Read Jobs Sheet","nodeId":"read-jobs"}}
{"__type":"$$EventMessageConfirm","confirm":"eb6c5086-66a9-4d7a-a180-984bd69867ab","ts":"2025-12-13T11:59:57.342-05:00","source":{"id":"0","name":"eventBus"}}
{"__type":"$$EventMessageNode","id":"8dd719b4-4ba5-40dc-8857-bec9602c3c9e","ts":"2025-12-13T11:59:57.369-05:00","eventName":"n8n.node.finished","message":"n8n.node.finished","payload":{"workflowId":"hiHMQCsMeA6aGfc6","workflowName":"Automated Job Applications & Status Tracking with LinkedIn, Indeed & Google Sheets","executionId":"10","nodeType":"n8n-nodes-base.googleSheets","nodeName":"📖 Read Jobs Sheet","nodeId":"read-jobs"}}
{"__type":"$$EventMessageConfirm","confirm":"8dd719b4-4ba5-40dc-8857-bec9602c3c9e","ts":"2025-12-13T11:59:57.370-05:00","source":{"id":"0","name":"eventBus"}}
{"__type":"$$EventMessageWorkflow","id":"31604d2d-73a6-472c-b5bc-9fe4df2cb7d3","ts":"2025-12-13T11:59:57.374-05:00","eventName":"n8n.workflow.failed","message":"n8n.workflow.failed","payload":{"userId":"f84b5208-c56a-4fe0-a7f2-9b6c67fd7590","executionId":"10","success":false,"isManual":true,"workflowId":"hiHMQCsMeA6aGfc6","workflowName":"Automated Job Applications & Status Tracking with LinkedIn, Indeed & Google Sheets","lastNodeExecuted":"📖 Read Jobs Sheet","errorMessage":"Cannot destructure property 'mode' of 'this.getNodeParameter(...)' as it is undefined."}}
{"__type":"$$EventMessageConfirm","confirm":"31604d2d-73a6-472c-b5bc-9fe4df2cb7d3","ts":"2025-12-13T11:59:57.374-05:00","source":{"id":"0","name":"eventBus"}}
{"__type":"$$EventMessageAudit","id":"c33ac18d-5d96-4841-874b-6dbe653b66a7","ts":"2025-12-13T12:02:17.094-05:00","eventName":"n8n.audit.user.credentials.created","message":"n8n.audit.user.credentials.created","payload":{"userId":"f84b5208-c56a-4fe0-a7f2-9b6c67fd7590","_email":"arvanj518@gmail.com","_firstName":"Arvan","_lastName":"Jindam","globalRole":"global:owner","credentialType":"discordWebhookApi","credentialId":"YUiEYMXFkJFWuhpK","publicApi":false,"projectId":"EWC6tUmjlGdWVU37","projectType":"personal"}}
{"__type":"$$EventMessageConfirm","confirm":"c33ac18d-5d96-4841-874b-6dbe653b66a7","ts":"2025-12-13T12:02:17.094-05:00","source":{"id":"0","name":"eventBus"}}
{"__type":"$$EventMessageWorkflow","id":"cf9f54e6-c7b8-4fb8-96da-b88786c08152","ts":"2025-12-13T12:02:22.245-05:00","eventName":"n8n.workflow.started","message":"n8n.workflow.started","payload":{"executionId":"11","workflowId":"hCHBiVjz6LbZz8hS","isManual":false,"workflowName":"RSS Feed"}}
{"__type":"$$EventMessageConfirm","confirm":"cf9f54e6-c7b8-4fb8-96da-b88786c08152","ts":"2025-12-13T12:02:22.245-05:00","source":{"id":"0","name":"eventBus"}}
{"__type":"$$EventMessageNode","id":"297521ce-8565-4072-91d9-9b1cc621bdaa","ts":"2025-12-13T12:02:22.245-05:00","eventName":"n8n.node.started","message":"n8n.node.started","payload":{"workflowId":"hCHBiVjz6LbZz8hS","workflowName":"RSS Feed","executionId":"11","nodeType":"n8n-nodes-base.scheduleTrigger","nodeName":"Schedule Trigger","nodeId":"7592b14f-8f08-46e7-96de-9d383cb6587e"}}
{"__type":"$$EventMessageConfirm","confirm":"297521ce-8565-4072-91d9-9b1cc621bdaa","ts":"2025-12-13T12:02:22.245-05:00","source":{"id":"0","name":"eventBus"}}
{"__type":"$$EventMessageNode","id":"60def55c-2b70-4c07-8162-d42f226a9e6c","ts":"2025-12-13T12:02:22.248-05:00","eventName":"n8n.node.finished","message":"n8n.node.finished","payload":{"workflowId":"hCHBiVjz6LbZz8hS","workflowName":"RSS Feed","executionId":"11","nodeType":"n8n-nodes-base.scheduleTrigger","nodeName":"Schedule Trigger","nodeId":"7592b14f-8f08-46e7-96de-9d383cb6587e"}}
{"__type":"$$EventMessageConfirm","confirm":"60def55c-2b70-4c07-8162-d42f226a9e6c","ts":"2025-12-13T12:02:22.249-05:00","source":{"id":"0","name":"eventBus"}}
{"__type":"$$EventMessageNode","id":"a72650b6-60d8-49ff-a5ff-5862d29919e0","ts":"2025-12-13T12:02:22.249-05:00","eventName":"n8n.node.started","message":"n8n.node.started","payload":{"workflowId":"hCHBiVjz6LbZz8hS","workflowName":"RSS Feed","executionId":"11","nodeType":"n8n-nodes-base.rssFeedRead","nodeName":"Hacker News","nodeId":"1554ec97-ceb8-46fe-8f29-48878de6b99f"}}
{"__type":"$$EventMessageConfirm","confirm":"a72650b6-60d8-49ff-a5ff-5862d29919e0","ts":"2025-12-13T12:02:22.249-05:00","source":{"id":"0","name":"eventBus"}}
{"__type":"$$EventMessageNode","id":"f1866ea4-e909-490c-bdff-ae575f4fd8cf","ts":"2025-12-13T12:02:22.529-05:00","eventName":"n8n.node.finished","message":"n8n.node.finished","payload":{"workflowId":"hCHBiVjz6LbZz8hS","workflowName":"RSS Feed","executionId":"11","nodeType":"n8n-nodes-base.rssFeedRead","nodeName":"Hacker News","nodeId":"1554ec97-ceb8-46fe-8f29-48878de6b99f"}}
{"__type":"$$EventMessageConfirm","confirm":"f1866ea4-e909-490c-bdff-ae575f4fd8cf","ts":"2025-12-13T12:02:22.530-05:00","source":{"id":"0","name":"eventBus"}}
{"__type":"$$EventMessageNode","id":"9bf6853f-d185-400c-813c-7383f4af052b","ts":"2025-12-13T12:02:22.531-05:00","eventName":"n8n.node.started","message":"n8n.node.started","payload":{"workflowId":"hCHBiVjz6LbZz8hS","workflowName":"RSS Feed","executionId":"11","nodeType":"n8n-nodes-base.rssFeedRead","nodeName":"Yahoo Finance","nodeId":"293c3543-c68b-4eca-acdc-53908cdf1d22"}}
{"__type":"$$EventMessageConfirm","confirm":"9bf6853f-d185-400c-813c-7383f4af052b","ts":"2025-12-13T12:02:22.531-05:00","source":{"id":"0","name":"eventBus"}}
{"__type":"$$EventMessageNode","id":"9e97e94f-e14d-4735-874f-09eae8527512","ts":"2025-12-13T12:02:22.704-05:00","eventName":"n8n.node.finished","message":"n8n.node.finished","payload":{"workflowId":"hCHBiVjz6LbZz8hS","workflowName":"RSS Feed","executionId":"11","nodeType":"n8n-nodes-base.rssFeedRead","nodeName":"Yahoo Finance","nodeId":"293c3543-c68b-4eca-acdc-53908cdf1d22"}}
{"__type":"$$EventMessageConfirm","confirm":"9e97e94f-e14d-4735-874f-09eae8527512","ts":"2025-12-13T12:02:22.704-05:00","source":{"id":"0","name":"eventBus"}}
{"__type":"$$EventMessageNode","id":"5d20fdfd-ac90-4f36-a168-043d4fd6add6","ts":"2025-12-13T12:02:22.705-05:00","eventName":"n8n.node.started","message":"n8n.node.started","payload":{"workflowId":"hCHBiVjz6LbZz8hS","workflowName":"RSS Feed","executionId":"11","nodeType":"n8n-nodes-base.rssFeedRead","nodeName":"Seeking Alpha","nodeId":"6b9014df-1df9-49fa-8bcd-822e0c5f6a2a"}}
{"__type":"$$EventMessageConfirm","confirm":"5d20fdfd-ac90-4f36-a168-043d4fd6add6","ts":"2025-12-13T12:02:22.705-05:00","source":{"id":"0","name":"eventBus"}}
{"__type":"$$EventMessageNode","id":"9a307854-2087-4afe-845e-319ad6a49a5a","ts":"2025-12-13T12:02:22.751-05:00","eventName":"n8n.node.finished","message":"n8n.node.finished","payload":{"workflowId":"hCHBiVjz6LbZz8hS","workflowName":"RSS Feed","executionId":"11","nodeType":"n8n-nodes-base.rssFeedRead","nodeName":"Seeking Alpha","nodeId":"6b9014df-1df9-49fa-8bcd-822e0c5f6a2a"}}
{"__type":"$$EventMessageConfirm","confirm":"9a307854-2087-4afe-845e-319ad6a49a5a","ts":"2025-12-13T12:02:22.752-05:00","source":{"id":"0","name":"eventBus"}}
{"__type":"$$EventMessageNode","id":"c019223f-531e-4f99-8f16-fd88e666d3f0","ts":"2025-12-13T12:02:22.752-05:00","eventName":"n8n.node.started","message":"n8n.node.started","payload":{"workflowId":"hCHBiVjz6LbZz8hS","workflowName":"RSS Feed","executionId":"11","nodeType":"n8n-nodes-base.rssFeedRead","nodeName":"Hacker News - Jobs","nodeId":"6aed25fb-670a-4533-9fa6-17f6affcba57"}}
{"__type":"$$EventMessageConfirm","confirm":"c019223f-531e-4f99-8f16-fd88e666d3f0","ts":"2025-12-13T12:02:22.752-05:00","source":{"id":"0","name":"eventBus"}}
{"__type":"$$EventMessageNode","id":"f0639343-6775-4c45-aa5c-b87f6e4735b8","ts":"2025-12-13T12:02:22.814-05:00","eventName":"n8n.node.finished","message":"n8n.node.finished","payload":{"workflowId":"hCHBiVjz6LbZz8hS","workflowName":"RSS Feed","executionId":"11","nodeType":"n8n-nodes-base.rssFeedRead","nodeName":"Hacker News - Jobs","nodeId":"6aed25fb-670a-4533-9fa6-17f6affcba57"}}
{"__type":"$$EventMessageConfirm","confirm":"f0639343-6775-4c45-aa5c-b87f6e4735b8","ts":"2025-12-13T12:02:22.814-05:00","source":{"id":"0","name":"eventBus"}}
{"__type":"$$EventMessageNode","id":"8df8b559-65ed-44f4-90af-87d02c527a2d","ts":"2025-12-13T12:02:22.815-05:00","eventName":"n8n.node.started","message":"n8n.node.started","payload":{"workflowId":"hCHBiVjz6LbZz8hS","workflowName":"RSS Feed","executionId":"11","nodeType":"n8n-nodes-base.merge","nodeName":"Merge","nodeId":"1b3f8ab3-cb54-4d2b-84c1-84eb86bb317e"}}
{"__type":"$$EventMessageConfirm","confirm":"8df8b559-65ed-44f4-90af-87d02c527a2d","ts":"2025-12-13T12:02:22.815-05:00","source":{"id":"0","name":"eventBus"}}
{"__type":"$$EventMessageNode","id":"8861c157-6ab6-488f-86cc-a2b04499cb02","ts":"2025-12-13T12:02:22.832-05:00","eventName":"n8n.node.finished","message":"n8n.node.finished","payload":{"workflowId":"hCHBiVjz6LbZz8hS","workflowName":"RSS Feed","executionId":"11","nodeType":"n8n-nodes-base.merge","nodeName":"Merge","nodeId":"1b3f8ab3-cb54-4d2b-84c1-84eb86bb317e"}}
{"__type":"$$EventMessageConfirm","confirm":"8861c157-6ab6-488f-86cc-a2b04499cb02","ts":"2025-12-13T12:02:22.832-05:00","source":{"id":"0","name":"eventBus"}}
{"__type":"$$EventMessageNode","id":"4bbc47db-ab66-415b-9b8c-78d6b47dec9e","ts":"2025-12-13T12:02:22.835-05:00","eventName":"n8n.node.started","message":"n8n.node.started","payload":{"workflowId":"hCHBiVjz6LbZz8hS","workflowName":"RSS Feed","executionId":"11","nodeType":"n8n-nodes-base.discord","nodeName":"Discord","nodeId":"28a4a74e-c4dd-4b88-825e-ba27867c3bef"}}
{"__type":"$$EventMessageConfirm","confirm":"4bbc47db-ab66-415b-9b8c-78d6b47dec9e","ts":"2025-12-13T12:02:22.835-05:00","source":{"id":"0","name":"eventBus"}}
{"__type":"$$EventMessageNode","id":"1b6347e3-0d2e-4274-9c07-b7aa7418b501","ts":"2025-12-13T12:02:23.090-05:00","eventName":"n8n.node.finished","message":"n8n.node.finished","payload":{"workflowId":"hCHBiVjz6LbZz8hS","workflowName":"RSS Feed","executionId":"11","nodeType":"n8n-nodes-base.discord","nodeName":"Discord","nodeId":"28a4a74e-c4dd-4b88-825e-ba27867c3bef"}}
{"__type":"$$EventMessageConfirm","confirm":"1b6347e3-0d2e-4274-9c07-b7aa7418b501","ts":"2025-12-13T12:02:23.091-05:00","source":{"id":"0","name":"eventBus"}}
{"__type":"$$EventMessageWorkflow","id":"1e1443ba-76f4-4a3c-8e05-baed56011ed3","ts":"2025-12-13T12:02:23.093-05:00","eventName":"n8n.workflow.failed","message":"n8n.workflow.failed","payload":{"userId":"f84b5208-c56a-4fe0-a7f2-9b6c67fd7590","executionId":"11","success":false,"isManual":true,"workflowId":"hCHBiVjz6LbZz8hS","workflowName":"RSS Feed","lastNodeExecuted":"Discord","errorNodeType":"n8n-nodes-base.discord","errorMessage":"Cannot send an empty message"}}
{"__type":"$$EventMessageConfirm","confirm":"1e1443ba-76f4-4a3c-8e05-baed56011ed3","ts":"2025-12-13T12:02:23.093-05:00","source":{"id":"0","name":"eventBus"}}
{"__type":"$$EventMessageWorkflow","id":"fbd2b677-f3aa-4bec-a398-f61e187e27b7","ts":"2025-12-13T12:02:44.675-05:00","eventName":"n8n.workflow.started","message":"n8n.workflow.started","payload":{"executionId":"12","workflowId":"hCHBiVjz6LbZz8hS","isManual":false,"workflowName":"RSS Feed"}}
{"__type":"$$EventMessageConfirm","confirm":"fbd2b677-f3aa-4bec-a398-f61e187e27b7","ts":"2025-12-13T12:02:44.675-05:00","source":{"id":"0","name":"eventBus"}}
{"__type":"$$EventMessageNode","id":"46859624-8f6e-4a01-ac5c-f0be9f9d8c8f","ts":"2025-12-13T12:02:44.679-05:00","eventName":"n8n.node.started","message":"n8n.node.started","payload":{"workflowId":"hCHBiVjz6LbZz8hS","workflowName":"RSS Feed","executionId":"12","nodeType":"n8n-nodes-base.discord","nodeName":"Discord","nodeId":"28a4a74e-c4dd-4b88-825e-ba27867c3bef"}}
{"__type":"$$EventMessageConfirm","confirm":"46859624-8f6e-4a01-ac5c-f0be9f9d8c8f","ts":"2025-12-13T12:02:44.679-05:00","source":{"id":"0","name":"eventBus"}}
{"__type":"$$EventMessageNode","id":"4708a7b0-fffb-42d3-ab5e-e2ea384150e1","ts":"2025-12-13T12:02:55.128-05:00","eventName":"n8n.node.finished","message":"n8n.node.finished","payload":{"workflowId":"hCHBiVjz6LbZz8hS","workflowName":"RSS Feed","executionId":"12","nodeType":"n8n-nodes-base.discord","nodeName":"Discord","nodeId":"28a4a74e-c4dd-4b88-825e-ba27867c3bef"}}
{"__type":"$$EventMessageConfirm","confirm":"4708a7b0-fffb-42d3-ab5e-e2ea384150e1","ts":"2025-12-13T12:02:55.128-05:00","source":{"id":"0","name":"eventBus"}}
{"__type":"$$EventMessageWorkflow","id":"8e70d1cc-3567-4802-b3ae-aef0108f1efc","ts":"2025-12-13T12:02:55.130-05:00","eventName":"n8n.workflow.failed","message":"n8n.workflow.failed","payload":{"userId":"f84b5208-c56a-4fe0-a7f2-9b6c67fd7590","executionId":"12","success":false,"isManual":true,"workflowId":"hCHBiVjz6LbZz8hS","workflowName":"RSS Feed","lastNodeExecuted":"Discord","errorNodeType":"n8n-nodes-base.discord","errorMessage":"Cannot send an empty message"}}
{"__type":"$$EventMessageConfirm","confirm":"8e70d1cc-3567-4802-b3ae-aef0108f1efc","ts":"2025-12-13T12:02:55.130-05:00","source":{"id":"0","name":"eventBus"}}
{"__type":"$$EventMessageWorkflow","id":"228337bb-28d2-4a8e-a7b7-0f3e2979730a","ts":"2025-12-13T12:05:51.138-05:00","eventName":"n8n.workflow.started","message":"n8n.workflow.started","payload":{"executionId":"13","workflowId":"hCHBiVjz6LbZz8hS","isManual":false,"workflowName":"RSS Feed"}}
{"__type":"$$EventMessageConfirm","confirm":"228337bb-28d2-4a8e-a7b7-0f3e2979730a","ts":"2025-12-13T12:05:51.138-05:00","source":{"id":"0","name":"eventBus"}}
{"__type":"$$EventMessageNode","id":"54095a62-f66d-4353-9808-796403993308","ts":"2025-12-13T12:05:51.143-05:00","eventName":"n8n.node.started","message":"n8n.node.started","payload":{"workflowId":"hCHBiVjz6LbZz8hS","workflowName":"RSS Feed","executionId":"13","nodeType":"n8n-nodes-base.discord","nodeName":"Discord","nodeId":"28a4a74e-c4dd-4b88-825e-ba27867c3bef"}}
{"__type":"$$EventMessageConfirm","confirm":"54095a62-f66d-4353-9808-796403993308","ts":"2025-12-13T12:05:51.143-05:00","source":{"id":"0","name":"eventBus"}}
{"__type":"$$EventMessageNode","id":"84cbed18-a3fb-40db-84cf-e91304e3d179","ts":"2025-12-13T12:05:58.391-05:00","eventName":"n8n.node.finished","message":"n8n.node.finished","payload":{"workflowId":"hCHBiVjz6LbZz8hS","workflowName":"RSS Feed","executionId":"13","nodeType":"n8n-nodes-base.discord","nodeName":"Discord","nodeId":"28a4a74e-c4dd-4b88-825e-ba27867c3bef"}}
{"__type":"$$EventMessageConfirm","confirm":"84cbed18-a3fb-40db-84cf-e91304e3d179","ts":"2025-12-13T12:05:58.391-05:00","source":{"id":"0","name":"eventBus"}}
{"__type":"$$EventMessageWorkflow","id":"e453a9df-5f65-4949-bfc5-b2b605174c65","ts":"2025-12-13T12:05:58.394-05:00","eventName":"n8n.workflow.failed","message":"n8n.workflow.failed","payload":{"userId":"f84b5208-c56a-4fe0-a7f2-9b6c67fd7590","executionId":"13","success":false,"isManual":true,"workflowId":"hCHBiVjz6LbZz8hS","workflowName":"RSS Feed","lastNodeExecuted":"Discord","errorNodeType":"n8n-nodes-base.discord","errorMessage":"Cannot send an empty message"}}
{"__type":"$$EventMessageConfirm","confirm":"e453a9df-5f65-4949-bfc5-b2b605174c65","ts":"2025-12-13T12:05:58.395-05:00","source":{"id":"0","name":"eventBus"}}
{"__type":"$$EventMessageWorkflow","id":"7ed21f2f-fc35-481e-8495-ce4f49c1cb28","ts":"2025-12-13T12:07:25.669-05:00","eventName":"n8n.workflow.started","message":"n8n.workflow.started","payload":{"executionId":"14","workflowId":"hCHBiVjz6LbZz8hS","isManual":false,"workflowName":"RSS Feed"}}
{"__type":"$$EventMessageConfirm","confirm":"7ed21f2f-fc35-481e-8495-ce4f49c1cb28","ts":"2025-12-13T12:07:25.669-05:00","source":{"id":"0","name":"eventBus"}}
{"__type":"$$EventMessageNode","id":"db43e4d0-314d-4fa5-93f0-c446e5c3a8e2","ts":"2025-12-13T12:07:25.675-05:00","eventName":"n8n.node.started","message":"n8n.node.started","payload":{"workflowId":"hCHBiVjz6LbZz8hS","workflowName":"RSS Feed","executionId":"14","nodeType":"n8n-nodes-base.discord","nodeName":"Discord","nodeId":"28a4a74e-c4dd-4b88-825e-ba27867c3bef"}}
{"__type":"$$EventMessageConfirm","confirm":"db43e4d0-314d-4fa5-93f0-c446e5c3a8e2","ts":"2025-12-13T12:07:25.675-05:00","source":{"id":"0","name":"eventBus"}}
{"__type":"$$EventMessageNode","id":"325b33ff-5648-42e7-a89a-ebe82d927781","ts":"2025-12-13T12:07:34.321-05:00","eventName":"n8n.node.finished","message":"n8n.node.finished","payload":{"workflowId":"hCHBiVjz6LbZz8hS","workflowName":"RSS Feed","executionId":"14","nodeType":"n8n-nodes-base.discord","nodeName":"Discord","nodeId":"28a4a74e-c4dd-4b88-825e-ba27867c3bef"}}
{"__type":"$$EventMessageConfirm","confirm":"325b33ff-5648-42e7-a89a-ebe82d927781","ts":"2025-12-13T12:07:34.321-05:00","source":{"id":"0","name":"eventBus"}}
{"__type":"$$EventMessageWorkflow","id":"e38c05e1-3ed7-4de3-9c44-be3010afbbff","ts":"2025-12-13T12:07:34.323-05:00","eventName":"n8n.workflow.failed","message":"n8n.workflow.failed","payload":{"userId":"f84b5208-c56a-4fe0-a7f2-9b6c67fd7590","executionId":"14","success":false,"isManual":true,"workflowId":"hCHBiVjz6LbZz8hS","workflowName":"RSS Feed","lastNodeExecuted":"Discord","errorNodeType":"n8n-nodes-base.discord","errorMessage":"You are being rate limited."}}
{"__type":"$$EventMessageConfirm","confirm":"e38c05e1-3ed7-4de3-9c44-be3010afbbff","ts":"2025-12-13T12:07:34.323-05:00","source":{"id":"0","name":"eventBus"}}
{"__type":"$$EventMessageWorkflow","id":"fca5a2ef-2a9e-4cbe-ab27-63a6443153db","ts":"2025-12-13T12:11:05.088-05:00","eventName":"n8n.workflow.failed","message":"n8n.workflow.failed","payload":{"userId":"f84b5208-c56a-4fe0-a7f2-9b6c67fd7590","executionId":"15","success":false,"isManual":true,"workflowId":"hCHBiVjz6LbZz8hS","workflowName":"RSS Feed","errorMessage":"The workflow has issues and cannot be executed for that reason. Please fix them first."}}
{"__type":"$$EventMessageConfirm","confirm":"fca5a2ef-2a9e-4cbe-ab27-63a6443153db","ts":"2025-12-13T12:11:05.089-05:00","source":{"id":"0","name":"eventBus"}}
{"__type":"$$EventMessageWorkflow","id":"7698de42-a66f-42d4-b982-c6e580933d04","ts":"2025-12-13T12:11:55.719-05:00","eventName":"n8n.workflow.started","message":"n8n.workflow.started","payload":{"executionId":"16","workflowId":"hCHBiVjz6LbZz8hS","isManual":false,"workflowName":"RSS Feed"}}
{"__type":"$$EventMessageConfirm","confirm":"7698de42-a66f-42d4-b982-c6e580933d04","ts":"2025-12-13T12:11:55.719-05:00","source":{"id":"0","name":"eventBus"}}
{"__type":"$$EventMessageNode","id":"5b8dcd63-2a44-41a2-a05b-08512eed863d","ts":"2025-12-13T12:11:55.719-05:00","eventName":"n8n.node.started","message":"n8n.node.started","payload":{"workflowId":"hCHBiVjz6LbZz8hS","workflowName":"RSS Feed","executionId":"16","nodeType":"n8n-nodes-base.scheduleTrigger","nodeName":"Schedule Trigger","nodeId":"7592b14f-8f08-46e7-96de-9d383cb6587e"}}
{"__type":"$$EventMessageConfirm","confirm":"5b8dcd63-2a44-41a2-a05b-08512eed863d","ts":"2025-12-13T12:11:55.719-05:00","source":{"id":"0","name":"eventBus"}}
{"__type":"$$EventMessageNode","id":"caa987cd-bb8f-4a53-a2b9-5d1944b09c78","ts":"2025-12-13T12:11:55.720-05:00","eventName":"n8n.node.finished","message":"n8n.node.finished","payload":{"workflowId":"hCHBiVjz6LbZz8hS","workflowName":"RSS Feed","executionId":"16","nodeType":"n8n-nodes-base.scheduleTrigger","nodeName":"Schedule Trigger","nodeId":"7592b14f-8f08-46e7-96de-9d383cb6587e"}}
{"__type":"$$EventMessageConfirm","confirm":"caa987cd-bb8f-4a53-a2b9-5d1944b09c78","ts":"2025-12-13T12:11:55.720-05:00","source":{"id":"0","name":"eventBus"}}
{"__type":"$$EventMessageNode","id":"5f424235-f1a0-4f39-a877-e01b30c4189a","ts":"2025-12-13T12:11:55.721-05:00","eventName":"n8n.node.started","message":"n8n.node.started","payload":{"workflowId":"hCHBiVjz6LbZz8hS","workflowName":"RSS Feed","executionId":"16","nodeType":"n8n-nodes-base.rssFeedRead","nodeName":"Hacker News","nodeId":"1554ec97-ceb8-46fe-8f29-48878de6b99f"}}
{"__type":"$$EventMessageConfirm","confirm":"5f424235-f1a0-4f39-a877-e01b30c4189a","ts":"2025-12-13T12:11:55.721-05:00","source":{"id":"0","name":"eventBus"}}
{"__type":"$$EventMessageNode","id":"099dfce1-987f-45a7-a26a-622057e32502","ts":"2025-12-13T12:11:55.964-05:00","eventName":"n8n.node.finished","message":"n8n.node.finished","payload":{"workflowId":"hCHBiVjz6LbZz8hS","workflowName":"RSS Feed","executionId":"16","nodeType":"n8n-nodes-base.rssFeedRead","nodeName":"Hacker News","nodeId":"1554ec97-ceb8-46fe-8f29-48878de6b99f"}}
{"__type":"$$EventMessageConfirm","confirm":"099dfce1-987f-45a7-a26a-622057e32502","ts":"2025-12-13T12:11:55.964-05:00","source":{"id":"0","name":"eventBus"}}
{"__type":"$$EventMessageNode","id":"bf7f2f94-2eeb-4f6f-bb57-e508563c0704","ts":"2025-12-13T12:11:55.966-05:00","eventName":"n8n.node.started","message":"n8n.node.started","payload":{"workflowId":"hCHBiVjz6LbZz8hS","workflowName":"RSS Feed","executionId":"16","nodeType":"n8n-nodes-base.rssFeedRead","nodeName":"Yahoo Finance","nodeId":"293c3543-c68b-4eca-acdc-53908cdf1d22"}}
{"__type":"$$EventMessageConfirm","confirm":"bf7f2f94-2eeb-4f6f-bb57-e508563c0704","ts":"2025-12-13T12:11:55.966-05:00","source":{"id":"0","name":"eventBus"}}
{"__type":"$$EventMessageNode","id":"d056eefe-e432-463f-a262-5d9d0ddd74af","ts":"2025-12-13T12:11:56.121-05:00","eventName":"n8n.node.finished","message":"n8n.node.finished","payload":{"workflowId":"hCHBiVjz6LbZz8hS","workflowName":"RSS Feed","executionId":"16","nodeType":"n8n-nodes-base.rssFeedRead","nodeName":"Yahoo Finance","nodeId":"293c3543-c68b-4eca-acdc-53908cdf1d22"}}
{"__type":"$$EventMessageConfirm","confirm":"d056eefe-e432-463f-a262-5d9d0ddd74af","ts":"2025-12-13T12:11:56.121-05:00","source":{"id":"0","name":"eventBus"}}
{"__type":"$$EventMessageNode","id":"8051035d-3637-4da6-af5e-4ca610c10434","ts":"2025-12-13T12:11:56.122-05:00","eventName":"n8n.node.started","message":"n8n.node.started","payload":{"workflowId":"hCHBiVjz6LbZz8hS","workflowName":"RSS Feed","executionId":"16","nodeType":"n8n-nodes-base.rssFeedRead","nodeName":"Noted-RSS","nodeId":"6b9014df-1df9-49fa-8bcd-822e0c5f6a2a"}}
{"__type":"$$EventMessageConfirm","confirm":"8051035d-3637-4da6-af5e-4ca610c10434","ts":"2025-12-13T12:11:56.122-05:00","source":{"id":"0","name":"eventBus"}}
{"__type":"$$EventMessageNode","id":"590333cf-5dc5-471d-b62a-2ed596e889fa","ts":"2025-12-13T12:11:56.457-05:00","eventName":"n8n.node.finished","message":"n8n.node.finished","payload":{"workflowId":"hCHBiVjz6LbZz8hS","workflowName":"RSS Feed","executionId":"16","nodeType":"n8n-nodes-base.rssFeedRead","nodeName":"Noted-RSS","nodeId":"6b9014df-1df9-49fa-8bcd-822e0c5f6a2a"}}
{"__type":"$$EventMessageConfirm","confirm":"590333cf-5dc5-471d-b62a-2ed596e889fa","ts":"2025-12-13T12:11:56.457-05:00","source":{"id":"0","name":"eventBus"}}
{"__type":"$$EventMessageNode","id":"c118b0a8-2b23-4eff-b2bd-4f31dd3d9200","ts":"2025-12-13T12:11:56.460-05:00","eventName":"n8n.node.started","message":"n8n.node.started","payload":{"workflowId":"hCHBiVjz6LbZz8hS","workflowName":"RSS Feed","executionId":"16","nodeType":"n8n-nodes-base.rssFeedRead","nodeName":"ServeTheHome","nodeId":"6aed25fb-670a-4533-9fa6-17f6affcba57"}}
{"__type":"$$EventMessageConfirm","confirm":"c118b0a8-2b23-4eff-b2bd-4f31dd3d9200","ts":"2025-12-13T12:11:56.460-05:00","source":{"id":"0","name":"eventBus"}}
{"__type":"$$EventMessageNode","id":"c5095418-ebe5-4a8f-b44d-a3932d475546","ts":"2025-12-13T12:11:56.928-05:00","eventName":"n8n.node.finished","message":"n8n.node.finished","payload":{"workflowId":"hCHBiVjz6LbZz8hS","workflowName":"RSS Feed","executionId":"16","nodeType":"n8n-nodes-base.rssFeedRead","nodeName":"ServeTheHome","nodeId":"6aed25fb-670a-4533-9fa6-17f6affcba57"}}
{"__type":"$$EventMessageConfirm","confirm":"c5095418-ebe5-4a8f-b44d-a3932d475546","ts":"2025-12-13T12:11:56.928-05:00","source":{"id":"0","name":"eventBus"}}
{"__type":"$$EventMessageNode","id":"b7b443c8-12c6-453c-8f2d-3d405f4baff3","ts":"2025-12-13T12:11:56.928-05:00","eventName":"n8n.node.started","message":"n8n.node.started","payload":{"workflowId":"hCHBiVjz6LbZz8hS","workflowName":"RSS Feed","executionId":"16","nodeType":"n8n-nodes-base.rssFeedRead","nodeName":"Datascience","nodeId":"41ec9db5-b05a-45cb-a200-def2746b54eb"}}
{"__type":"$$EventMessageConfirm","confirm":"b7b443c8-12c6-453c-8f2d-3d405f4baff3","ts":"2025-12-13T12:11:56.929-05:00","source":{"id":"0","name":"eventBus"}}
{"__type":"$$EventMessageNode","id":"47940ad3-bbd2-46c0-b59d-984c42ea7a0d","ts":"2025-12-13T12:11:57.301-05:00","eventName":"n8n.node.finished","message":"n8n.node.finished","payload":{"workflowId":"hCHBiVjz6LbZz8hS","workflowName":"RSS Feed","executionId":"16","nodeType":"n8n-nodes-base.rssFeedRead","nodeName":"Datascience","nodeId":"41ec9db5-b05a-45cb-a200-def2746b54eb"}}
{"__type":"$$EventMessageConfirm","confirm":"47940ad3-bbd2-46c0-b59d-984c42ea7a0d","ts":"2025-12-13T12:11:57.301-05:00","source":{"id":"0","name":"eventBus"}}
{"__type":"$$EventMessageNode","id":"fc7dc0c3-c42c-41c8-8e70-2b6afebcb0db","ts":"2025-12-13T12:11:57.303-05:00","eventName":"n8n.node.started","message":"n8n.node.started","payload":{"workflowId":"hCHBiVjz6LbZz8hS","workflowName":"RSS Feed","executionId":"16","nodeType":"n8n-nodes-base.rssFeedRead","nodeName":"KDnuggets","nodeId":"2f3b32af-5d22-4792-a323-f29ba3bc45fb"}}
{"__type":"$$EventMessageConfirm","confirm":"fc7dc0c3-c42c-41c8-8e70-2b6afebcb0db","ts":"2025-12-13T12:11:57.303-05:00","source":{"id":"0","name":"eventBus"}}
{"__type":"$$EventMessageNode","id":"6298e281-d96e-4886-9bb6-b347abc6bcf3","ts":"2025-12-13T12:11:57.435-05:00","eventName":"n8n.node.finished","message":"n8n.node.finished","payload":{"workflowId":"hCHBiVjz6LbZz8hS","workflowName":"RSS Feed","executionId":"16","nodeType":"n8n-nodes-base.rssFeedRead","nodeName":"KDnuggets","nodeId":"2f3b32af-5d22-4792-a323-f29ba3bc45fb"}}
{"__type":"$$EventMessageConfirm","confirm":"6298e281-d96e-4886-9bb6-b347abc6bcf3","ts":"2025-12-13T12:11:57.435-05:00","source":{"id":"0","name":"eventBus"}}
{"__type":"$$EventMessageNode","id":"e74d0e40-dec8-47c2-b90b-c9e04e933aa4","ts":"2025-12-13T12:11:57.435-05:00","eventName":"n8n.node.started","message":"n8n.node.started","payload":{"workflowId":"hCHBiVjz6LbZz8hS","workflowName":"RSS Feed","executionId":"16","nodeType":"n8n-nodes-base.merge","nodeName":"Merge","nodeId":"1b3f8ab3-cb54-4d2b-84c1-84eb86bb317e"}}
{"__type":"$$EventMessageConfirm","confirm":"e74d0e40-dec8-47c2-b90b-c9e04e933aa4","ts":"2025-12-13T12:11:57.435-05:00","source":{"id":"0","name":"eventBus"}}
{"__type":"$$EventMessageNode","id":"1aa83c50-9f55-42cd-8b64-f515fb1e3c90","ts":"2025-12-13T12:11:57.436-05:00","eventName":"n8n.node.finished","message":"n8n.node.finished","payload":{"workflowId":"hCHBiVjz6LbZz8hS","workflowName":"RSS Feed","executionId":"16","nodeType":"n8n-nodes-base.merge","nodeName":"Merge","nodeId":"1b3f8ab3-cb54-4d2b-84c1-84eb86bb317e"}}
{"__type":"$$EventMessageConfirm","confirm":"1aa83c50-9f55-42cd-8b64-f515fb1e3c90","ts":"2025-12-13T12:11:57.436-05:00","source":{"id":"0","name":"eventBus"}}
{"__type":"$$EventMessageNode","id":"adf2d0e4-4427-47f7-ba08-29142ee19e63","ts":"2025-12-13T12:11:57.441-05:00","eventName":"n8n.node.started","message":"n8n.node.started","payload":{"workflowId":"hCHBiVjz6LbZz8hS","workflowName":"RSS Feed","executionId":"16","nodeType":"n8n-nodes-base.discord","nodeName":"Discord","nodeId":"28a4a74e-c4dd-4b88-825e-ba27867c3bef"}}
{"__type":"$$EventMessageConfirm","confirm":"adf2d0e4-4427-47f7-ba08-29142ee19e63","ts":"2025-12-13T12:11:57.441-05:00","source":{"id":"0","name":"eventBus"}}
{"__type":"$$EventMessageNode","id":"7de410dd-3667-4388-bd47-5843aec90781","ts":"2025-12-13T12:12:12.860-05:00","eventName":"n8n.node.finished","message":"n8n.node.finished","payload":{"workflowId":"hCHBiVjz6LbZz8hS","workflowName":"RSS Feed","executionId":"16","nodeType":"n8n-nodes-base.discord","nodeName":"Discord","nodeId":"28a4a74e-c4dd-4b88-825e-ba27867c3bef"}}
{"__type":"$$EventMessageConfirm","confirm":"7de410dd-3667-4388-bd47-5843aec90781","ts":"2025-12-13T12:12:12.860-05:00","source":{"id":"0","name":"eventBus"}}
{"__type":"$$EventMessageWorkflow","id":"e2a157af-fb8d-4b6f-9ebb-5092e5424086","ts":"2025-12-13T12:12:12.862-05:00","eventName":"n8n.workflow.failed","message":"n8n.workflow.failed","payload":{"userId":"f84b5208-c56a-4fe0-a7f2-9b6c67fd7590","executionId":"16","success":false,"isManual":true,"workflowId":"hCHBiVjz6LbZz8hS","workflowName":"RSS Feed","lastNodeExecuted":"Discord","errorNodeType":"n8n-nodes-base.discord","errorMessage":"You are being rate limited."}}
{"__type":"$$EventMessageConfirm","confirm":"e2a157af-fb8d-4b6f-9ebb-5092e5424086","ts":"2025-12-13T12:12:12.862-05:00","source":{"id":"0","name":"eventBus"}}
{"__type":"$$EventMessageWorkflow","id":"9269d548-6a99-4f9a-ae8e-6b8c39a12614","ts":"2025-12-13T12:12:54.476-05:00","eventName":"n8n.workflow.started","message":"n8n.workflow.started","payload":{"executionId":"17","workflowId":"hCHBiVjz6LbZz8hS","isManual":false,"workflowName":"RSS Feed"}}
{"__type":"$$EventMessageConfirm","confirm":"9269d548-6a99-4f9a-ae8e-6b8c39a12614","ts":"2025-12-13T12:12:54.476-05:00","source":{"id":"0","name":"eventBus"}}
{"__type":"$$EventMessageNode","id":"0d9cdd86-a9aa-43a0-b376-cc7593307183","ts":"2025-12-13T12:12:54.485-05:00","eventName":"n8n.node.started","message":"n8n.node.started","payload":{"workflowId":"hCHBiVjz6LbZz8hS","workflowName":"RSS Feed","executionId":"17","nodeType":"n8n-nodes-base.limit","nodeName":"Limit","nodeId":"c27a6f36-9c9e-4bd7-9a73-06c5468bd914"}}
{"__type":"$$EventMessageConfirm","confirm":"0d9cdd86-a9aa-43a0-b376-cc7593307183","ts":"2025-12-13T12:12:54.485-05:00","source":{"id":"0","name":"eventBus"}}
{"__type":"$$EventMessageNode","id":"8d437616-1284-430c-b67f-2e4981661ee7","ts":"2025-12-13T12:12:54.486-05:00","eventName":"n8n.node.finished","message":"n8n.node.finished","payload":{"workflowId":"hCHBiVjz6LbZz8hS","workflowName":"RSS Feed","executionId":"17","nodeType":"n8n-nodes-base.limit","nodeName":"Limit","nodeId":"c27a6f36-9c9e-4bd7-9a73-06c5468bd914"}}
{"__type":"$$EventMessageConfirm","confirm":"8d437616-1284-430c-b67f-2e4981661ee7","ts":"2025-12-13T12:12:54.486-05:00","source":{"id":"0","name":"eventBus"}}
{"__type":"$$EventMessageWorkflow","id":"dc735946-d40f-4c52-a01e-16d457748aa2","ts":"2025-12-13T12:12:54.487-05:00","eventName":"n8n.workflow.success","message":"n8n.workflow.success","payload":{"userId":"f84b5208-c56a-4fe0-a7f2-9b6c67fd7590","executionId":"17","success":true,"isManual":true,"workflowId":"hCHBiVjz6LbZz8hS","workflowName":"RSS Feed"}}
{"__type":"$$EventMessageConfirm","confirm":"dc735946-d40f-4c52-a01e-16d457748aa2","ts":"2025-12-13T12:12:54.488-05:00","source":{"id":"0","name":"eventBus"}}
{"__type":"$$EventMessageWorkflow","id":"8eeed7f8-3f50-45c7-be54-63e35f9cf316","ts":"2025-12-13T12:13:50.220-05:00","eventName":"n8n.workflow.started","message":"n8n.workflow.started","payload":{"executionId":"18","workflowId":"hCHBiVjz6LbZz8hS","isManual":false,"workflowName":"RSS Feed"}}
{"__type":"$$EventMessageConfirm","confirm":"8eeed7f8-3f50-45c7-be54-63e35f9cf316","ts":"2025-12-13T12:13:50.220-05:00","source":{"id":"0","name":"eventBus"}}
{"__type":"$$EventMessageNode","id":"79bc8709-9982-4886-97ad-208cbd16b3ac","ts":"2025-12-13T12:13:50.230-05:00","eventName":"n8n.node.started","message":"n8n.node.started","payload":{"workflowId":"hCHBiVjz6LbZz8hS","workflowName":"RSS Feed","executionId":"18","nodeType":"n8n-nodes-base.limit","nodeName":"Limit","nodeId":"c27a6f36-9c9e-4bd7-9a73-06c5468bd914"}}
{"__type":"$$EventMessageConfirm","confirm":"79bc8709-9982-4886-97ad-208cbd16b3ac","ts":"2025-12-13T12:13:50.230-05:00","source":{"id":"0","name":"eventBus"}}
{"__type":"$$EventMessageNode","id":"03993c0a-3cf0-45bd-9579-8f73a036d474","ts":"2025-12-13T12:13:50.230-05:00","eventName":"n8n.node.finished","message":"n8n.node.finished","payload":{"workflowId":"hCHBiVjz6LbZz8hS","workflowName":"RSS Feed","executionId":"18","nodeType":"n8n-nodes-base.limit","nodeName":"Limit","nodeId":"c27a6f36-9c9e-4bd7-9a73-06c5468bd914"}}
{"__type":"$$EventMessageConfirm","confirm":"03993c0a-3cf0-45bd-9579-8f73a036d474","ts":"2025-12-13T12:13:50.230-05:00","source":{"id":"0","name":"eventBus"}}
{"__type":"$$EventMessageWorkflow","id":"9a046470-d66f-41f4-beb4-3bb6fb475f27","ts":"2025-12-13T12:13:50.232-05:00","eventName":"n8n.workflow.success","message":"n8n.workflow.success","payload":{"userId":"f84b5208-c56a-4fe0-a7f2-9b6c67fd7590","executionId":"18","success":true,"isManual":true,"workflowId":"hCHBiVjz6LbZz8hS","workflowName":"RSS Feed"}}
{"__type":"$$EventMessageConfirm","confirm":"9a046470-d66f-41f4-beb4-3bb6fb475f27","ts":"2025-12-13T12:13:50.232-05:00","source":{"id":"0","name":"eventBus"}}
{"__type":"$$EventMessageAudit","id":"6fd7e8e9-cddc-4e19-bf34-a58bdc61ffbd","ts":"2025-12-13T12:14:45.475-05:00","eventName":"n8n.audit.user.credentials.updated","message":"n8n.audit.user.credentials.updated","payload":{"userId":"f84b5208-c56a-4fe0-a7f2-9b6c67fd7590","_email":"arvanj518@gmail.com","_firstName":"Arvan","_lastName":"Jindam","globalRole":"global:owner","credentialType":"discordWebhookApi","credentialId":"YUiEYMXFkJFWuhpK"}}
{"__type":"$$EventMessageConfirm","confirm":"6fd7e8e9-cddc-4e19-bf34-a58bdc61ffbd","ts":"2025-12-13T12:14:45.475-05:00","source":{"id":"0","name":"eventBus"}}
{"__type":"$$EventMessageWorkflow","id":"a8b46d1f-cd0e-4599-b7ea-d2aeaf78e96e","ts":"2025-12-13T12:14:50.015-05:00","eventName":"n8n.workflow.started","message":"n8n.workflow.started","payload":{"executionId":"19","workflowId":"hCHBiVjz6LbZz8hS","isManual":false,"workflowName":"RSS Feed"}}
{"__type":"$$EventMessageConfirm","confirm":"a8b46d1f-cd0e-4599-b7ea-d2aeaf78e96e","ts":"2025-12-13T12:14:50.015-05:00","source":{"id":"0","name":"eventBus"}}
{"__type":"$$EventMessageNode","id":"22769f70-58ac-482b-82a0-edff2250f59f","ts":"2025-12-13T12:14:50.026-05:00","eventName":"n8n.node.started","message":"n8n.node.started","payload":{"workflowId":"hCHBiVjz6LbZz8hS","workflowName":"RSS Feed","executionId":"19","nodeType":"n8n-nodes-base.discord","nodeName":"Discord","nodeId":"28a4a74e-c4dd-4b88-825e-ba27867c3bef"}}
{"__type":"$$EventMessageConfirm","confirm":"22769f70-58ac-482b-82a0-edff2250f59f","ts":"2025-12-13T12:14:50.026-05:00","source":{"id":"0","name":"eventBus"}}
{"__type":"$$EventMessageNode","id":"120231e6-d577-4081-bd18-5603ce5dbb65","ts":"2025-12-13T12:14:55.730-05:00","eventName":"n8n.node.finished","message":"n8n.node.finished","payload":{"workflowId":"hCHBiVjz6LbZz8hS","workflowName":"RSS Feed","executionId":"19","nodeType":"n8n-nodes-base.discord","nodeName":"Discord","nodeId":"28a4a74e-c4dd-4b88-825e-ba27867c3bef"}}
{"__type":"$$EventMessageConfirm","confirm":"120231e6-d577-4081-bd18-5603ce5dbb65","ts":"2025-12-13T12:14:55.730-05:00","source":{"id":"0","name":"eventBus"}}
{"__type":"$$EventMessageWorkflow","id":"f8037e3b-00ca-4627-af83-6c2e417b126d","ts":"2025-12-13T12:14:55.732-05:00","eventName":"n8n.workflow.success","message":"n8n.workflow.success","payload":{"userId":"f84b5208-c56a-4fe0-a7f2-9b6c67fd7590","executionId":"19","success":true,"isManual":true,"workflowId":"hCHBiVjz6LbZz8hS","workflowName":"RSS Feed"}}
{"__type":"$$EventMessageConfirm","confirm":"f8037e3b-00ca-4627-af83-6c2e417b126d","ts":"2025-12-13T12:14:55.732-05:00","source":{"id":"0","name":"eventBus"}}
{"__type":"$$EventMessageAudit","id":"10c55080-1d38-4ca3-85ab-da4ec4de7fd6","ts":"2025-12-13T12:15:14.122-05:00","eventName":"n8n.audit.workflow.updated","message":"n8n.audit.workflow.updated","payload":{"userId":"f84b5208-c56a-4fe0-a7f2-9b6c67fd7590","_email":"arvanj518@gmail.com","_firstName":"Arvan","_lastName":"Jindam","globalRole":"global:owner","workflowId":"hCHBiVjz6LbZz8hS","workflowName":"RSS Feed"}}
{"__type":"$$EventMessageConfirm","confirm":"10c55080-1d38-4ca3-85ab-da4ec4de7fd6","ts":"2025-12-13T12:15:14.122-05:00","source":{"id":"0","name":"eventBus"}}
{"__type":"$$EventMessageAudit","id":"778c72c2-8b02-44e0-acc8-031f304378cd","ts":"2025-12-13T12:15:16.898-05:00","eventName":"n8n.audit.workflow.updated","message":"n8n.audit.workflow.updated","payload":{"userId":"f84b5208-c56a-4fe0-a7f2-9b6c67fd7590","_email":"arvanj518@gmail.com","_firstName":"Arvan","_lastName":"Jindam","globalRole":"global:owner","workflowId":"hCHBiVjz6LbZz8hS","workflowName":"RSS Feed"}}
{"__type":"$$EventMessageConfirm","confirm":"778c72c2-8b02-44e0-acc8-031f304378cd","ts":"2025-12-13T12:15:16.898-05:00","source":{"id":"0","name":"eventBus"}}
{"__type":"$$EventMessageAudit","id":"16669cef-af0b-4b92-bb92-0d5cdf76b81f","ts":"2025-12-13T12:15:48.003-05:00","eventName":"n8n.audit.workflow.created","message":"n8n.audit.workflow.created","payload":{"userId":"f84b5208-c56a-4fe0-a7f2-9b6c67fd7590","_email":"arvanj518@gmail.com","_firstName":"Arvan","_lastName":"Jindam","globalRole":"global:owner","workflowId":"HKrkUQIUDYvMNBuk","workflowName":"My workflow"}}
{"__type":"$$EventMessageConfirm","confirm":"16669cef-af0b-4b92-bb92-0d5cdf76b81f","ts":"2025-12-13T12:15:48.003-05:00","source":{"id":"0","name":"eventBus"}}
{"__type":"$$EventMessageWorkflow","id":"bcc9a3ca-f77d-4ab4-8764-2b300d5468ec","ts":"2025-12-13T12:15:48.106-05:00","eventName":"n8n.workflow.started","message":"n8n.workflow.started","payload":{"executionId":"20","workflowId":"HKrkUQIUDYvMNBuk","isManual":false,"workflowName":"My workflow"}}
{"__type":"$$EventMessageConfirm","confirm":"bcc9a3ca-f77d-4ab4-8764-2b300d5468ec","ts":"2025-12-13T12:15:48.106-05:00","source":{"id":"0","name":"eventBus"}}
{"__type":"$$EventMessageNode","id":"56da45a6-6f2e-4d3f-a2f5-02f8cc1d7fe6","ts":"2025-12-13T12:15:48.106-05:00","eventName":"n8n.node.started","message":"n8n.node.started","payload":{"workflowId":"HKrkUQIUDYvMNBuk","workflowName":"My workflow","executionId":"20","nodeType":"n8n-nodes-base.scheduleTrigger","nodeName":"Schedule Trigger","nodeId":"34b2739c-cccb-44b4-a24d-98861e8835b0"}}
{"__type":"$$EventMessageConfirm","confirm":"56da45a6-6f2e-4d3f-a2f5-02f8cc1d7fe6","ts":"2025-12-13T12:15:48.107-05:00","source":{"id":"0","name":"eventBus"}}
{"__type":"$$EventMessageNode","id":"f89be070-5244-4017-bbda-77f278ed1aa0","ts":"2025-12-13T12:15:48.107-05:00","eventName":"n8n.node.finished","message":"n8n.node.finished","payload":{"workflowId":"HKrkUQIUDYvMNBuk","workflowName":"My workflow","executionId":"20","nodeType":"n8n-nodes-base.scheduleTrigger","nodeName":"Schedule Trigger","nodeId":"34b2739c-cccb-44b4-a24d-98861e8835b0"}}
{"__type":"$$EventMessageConfirm","confirm":"f89be070-5244-4017-bbda-77f278ed1aa0","ts":"2025-12-13T12:15:48.107-05:00","source":{"id":"0","name":"eventBus"}}
{"__type":"$$EventMessageWorkflow","id":"b59a83aa-650f-47d8-90d6-23e1dae1207b","ts":"2025-12-13T12:15:48.108-05:00","eventName":"n8n.workflow.success","message":"n8n.workflow.success","payload":{"userId":"f84b5208-c56a-4fe0-a7f2-9b6c67fd7590","executionId":"20","success":true,"isManual":true,"workflowId":"HKrkUQIUDYvMNBuk","workflowName":"My workflow"}}
{"__type":"$$EventMessageConfirm","confirm":"b59a83aa-650f-47d8-90d6-23e1dae1207b","ts":"2025-12-13T12:15:48.108-05:00","source":{"id":"0","name":"eventBus"}}
{"__type":"$$EventMessageWorkflow","id":"593b1306-4b1b-48d3-a476-c8638b0a6ac8","ts":"2025-12-13T12:16:33.883-05:00","eventName":"n8n.workflow.started","message":"n8n.workflow.started","payload":{"executionId":"21","workflowId":"HKrkUQIUDYvMNBuk","isManual":false,"workflowName":"My workflow"}}
{"__type":"$$EventMessageConfirm","confirm":"593b1306-4b1b-48d3-a476-c8638b0a6ac8","ts":"2025-12-13T12:16:33.883-05:00","source":{"id":"0","name":"eventBus"}}
{"__type":"$$EventMessageNode","id":"70482279-ff2a-4920-8154-9dd83d89279a","ts":"2025-12-13T12:16:33.884-05:00","eventName":"n8n.node.started","message":"n8n.node.started","payload":{"workflowId":"HKrkUQIUDYvMNBuk","workflowName":"My workflow","executionId":"21","nodeType":"n8n-nodes-base.rssFeedRead","nodeName":"RSS Read","nodeId":"1383bfb6-4bdd-4556-afbf-b8c95099b339"}}
{"__type":"$$EventMessageConfirm","confirm":"70482279-ff2a-4920-8154-9dd83d89279a","ts":"2025-12-13T12:16:33.884-05:00","source":{"id":"0","name":"eventBus"}}
{"__type":"$$EventMessageNode","id":"4bf3c9c0-f81d-463b-8843-d4859ac6454d","ts":"2025-12-13T12:16:33.885-05:00","eventName":"n8n.node.finished","message":"n8n.node.finished","payload":{"workflowId":"HKrkUQIUDYvMNBuk","workflowName":"My workflow","executionId":"21","nodeType":"n8n-nodes-base.rssFeedRead","nodeName":"RSS Read","nodeId":"1383bfb6-4bdd-4556-afbf-b8c95099b339"}}
{"__type":"$$EventMessageConfirm","confirm":"4bf3c9c0-f81d-463b-8843-d4859ac6454d","ts":"2025-12-13T12:16:33.885-05:00","source":{"id":"0","name":"eventBus"}}
{"__type":"$$EventMessageWorkflow","id":"7c7433ad-01d5-4e21-b2d3-c8ac68a87c38","ts":"2025-12-13T12:16:33.886-05:00","eventName":"n8n.workflow.failed","message":"n8n.workflow.failed","payload":{"userId":"f84b5208-c56a-4fe0-a7f2-9b6c67fd7590","executionId":"21","success":false,"isManual":true,"workflowId":"HKrkUQIUDYvMNBuk","workflowName":"My workflow","lastNodeExecuted":"RSS Read","errorNodeType":"n8n-nodes-base.rssFeedRead","errorMessage":"The provided \"URL\" is not valid!"}}
{"__type":"$$EventMessageConfirm","confirm":"7c7433ad-01d5-4e21-b2d3-c8ac68a87c38","ts":"2025-12-13T12:16:33.886-05:00","source":{"id":"0","name":"eventBus"}}
{"__type":"$$EventMessageWorkflow","id":"a255f90e-f69c-4294-b5b7-3668ff596d50","ts":"2025-12-13T12:16:52.012-05:00","eventName":"n8n.workflow.started","message":"n8n.workflow.started","payload":{"executionId":"22","workflowId":"HKrkUQIUDYvMNBuk","isManual":false,"workflowName":"My workflow"}}
{"__type":"$$EventMessageConfirm","confirm":"a255f90e-f69c-4294-b5b7-3668ff596d50","ts":"2025-12-13T12:16:52.012-05:00","source":{"id":"0","name":"eventBus"}}
{"__type":"$$EventMessageNode","id":"37c33f3c-4384-4da2-95d5-4a1ac153a0c8","ts":"2025-12-13T12:16:52.012-05:00","eventName":"n8n.node.started","message":"n8n.node.started","payload":{"workflowId":"HKrkUQIUDYvMNBuk","workflowName":"My workflow","executionId":"22","nodeType":"n8n-nodes-base.rssFeedRead","nodeName":"RSS Read","nodeId":"1383bfb6-4bdd-4556-afbf-b8c95099b339"}}
{"__type":"$$EventMessageConfirm","confirm":"37c33f3c-4384-4da2-95d5-4a1ac153a0c8","ts":"2025-12-13T12:16:52.012-05:00","source":{"id":"0","name":"eventBus"}}
{"__type":"$$EventMessageNode","id":"e5cc0293-7a9c-4c8b-bf81-2183bc76a085","ts":"2025-12-13T12:16:52.380-05:00","eventName":"n8n.node.finished","message":"n8n.node.finished","payload":{"workflowId":"HKrkUQIUDYvMNBuk","workflowName":"My workflow","executionId":"22","nodeType":"n8n-nodes-base.rssFeedRead","nodeName":"RSS Read","nodeId":"1383bfb6-4bdd-4556-afbf-b8c95099b339"}}
{"__type":"$$EventMessageConfirm","confirm":"e5cc0293-7a9c-4c8b-bf81-2183bc76a085","ts":"2025-12-13T12:16:52.380-05:00","source":{"id":"0","name":"eventBus"}}
{"__type":"$$EventMessageWorkflow","id":"6da4163a-3c02-463d-b2f0-e26b67779e37","ts":"2025-12-13T12:16:52.382-05:00","eventName":"n8n.workflow.success","message":"n8n.workflow.success","payload":{"userId":"f84b5208-c56a-4fe0-a7f2-9b6c67fd7590","executionId":"22","success":true,"isManual":true,"workflowId":"HKrkUQIUDYvMNBuk","workflowName":"My workflow"}}
{"__type":"$$EventMessageConfirm","confirm":"6da4163a-3c02-463d-b2f0-e26b67779e37","ts":"2025-12-13T12:16:52.382-05:00","source":{"id":"0","name":"eventBus"}}
{"__type":"$$EventMessageWorkflow","id":"f6a8284d-639e-4fa3-8ae8-5a5bf4cac497","ts":"2025-12-14T08:00:20.062-05:00","eventName":"n8n.workflow.started","message":"n8n.workflow.started","payload":{"executionId":"23","workflowId":"hCHBiVjz6LbZz8hS","isManual":false,"workflowName":"RSS Feed"}}
{"__type":"$$EventMessageConfirm","confirm":"f6a8284d-639e-4fa3-8ae8-5a5bf4cac497","ts":"2025-12-14T08:00:20.062-05:00","source":{"id":"0","name":"eventBus"}}
{"__type":"$$EventMessageNode","id":"b571fe75-def6-412f-b805-a9457533946b","ts":"2025-12-14T08:00:20.062-05:00","eventName":"n8n.node.started","message":"n8n.node.started","payload":{"workflowId":"hCHBiVjz6LbZz8hS","workflowName":"RSS Feed","executionId":"23","nodeType":"n8n-nodes-base.scheduleTrigger","nodeName":"Schedule Trigger","nodeId":"7592b14f-8f08-46e7-96de-9d383cb6587e"}}
{"__type":"$$EventMessageConfirm","confirm":"b571fe75-def6-412f-b805-a9457533946b","ts":"2025-12-14T08:00:20.062-05:00","source":{"id":"0","name":"eventBus"}}
{"__type":"$$EventMessageNode","id":"4169b61d-dd90-4b5c-a23a-a4c5d833fc97","ts":"2025-12-14T08:00:20.062-05:00","eventName":"n8n.node.finished","message":"n8n.node.finished","payload":{"workflowId":"hCHBiVjz6LbZz8hS","workflowName":"RSS Feed","executionId":"23","nodeType":"n8n-nodes-base.scheduleTrigger","nodeName":"Schedule Trigger","nodeId":"7592b14f-8f08-46e7-96de-9d383cb6587e"}}
{"__type":"$$EventMessageConfirm","confirm":"4169b61d-dd90-4b5c-a23a-a4c5d833fc97","ts":"2025-12-14T08:00:20.062-05:00","source":{"id":"0","name":"eventBus"}}
{"__type":"$$EventMessageNode","id":"945be7f5-8af6-4750-b3d3-5ee05857f96f","ts":"2025-12-14T08:00:20.062-05:00","eventName":"n8n.node.started","message":"n8n.node.started","payload":{"workflowId":"hCHBiVjz6LbZz8hS","workflowName":"RSS Feed","executionId":"23","nodeType":"n8n-nodes-base.rssFeedRead","nodeName":"Hacker News","nodeId":"1554ec97-ceb8-46fe-8f29-48878de6b99f"}}
{"__type":"$$EventMessageConfirm","confirm":"945be7f5-8af6-4750-b3d3-5ee05857f96f","ts":"2025-12-14T08:00:20.062-05:00","source":{"id":"0","name":"eventBus"}}
{"__type":"$$EventMessageNode","id":"c76679c9-2bdb-4da6-9891-ef1afd40f633","ts":"2025-12-14T08:00:20.333-05:00","eventName":"n8n.node.finished","message":"n8n.node.finished","payload":{"workflowId":"hCHBiVjz6LbZz8hS","workflowName":"RSS Feed","executionId":"23","nodeType":"n8n-nodes-base.rssFeedRead","nodeName":"Hacker News","nodeId":"1554ec97-ceb8-46fe-8f29-48878de6b99f"}}
{"__type":"$$EventMessageConfirm","confirm":"c76679c9-2bdb-4da6-9891-ef1afd40f633","ts":"2025-12-14T08:00:20.333-05:00","source":{"id":"0","name":"eventBus"}}
{"__type":"$$EventMessageNode","id":"d8704952-9445-4786-984e-7f25091449e3","ts":"2025-12-14T08:00:20.333-05:00","eventName":"n8n.node.started","message":"n8n.node.started","payload":{"workflowId":"hCHBiVjz6LbZz8hS","workflowName":"RSS Feed","executionId":"23","nodeType":"n8n-nodes-base.rssFeedRead","nodeName":"Yahoo Finance","nodeId":"293c3543-c68b-4eca-acdc-53908cdf1d22"}}
{"__type":"$$EventMessageConfirm","confirm":"d8704952-9445-4786-984e-7f25091449e3","ts":"2025-12-14T08:00:20.333-05:00","source":{"id":"0","name":"eventBus"}}
{"__type":"$$EventMessageNode","id":"eae4d9e9-71db-4111-9e52-5d935f09b4e6","ts":"2025-12-14T08:00:20.521-05:00","eventName":"n8n.node.finished","message":"n8n.node.finished","payload":{"workflowId":"hCHBiVjz6LbZz8hS","workflowName":"RSS Feed","executionId":"23","nodeType":"n8n-nodes-base.rssFeedRead","nodeName":"Yahoo Finance","nodeId":"293c3543-c68b-4eca-acdc-53908cdf1d22"}}
{"__type":"$$EventMessageConfirm","confirm":"eae4d9e9-71db-4111-9e52-5d935f09b4e6","ts":"2025-12-14T08:00:20.522-05:00","source":{"id":"0","name":"eventBus"}}
{"__type":"$$EventMessageNode","id":"2c369235-52cb-4e77-b341-f4c1179fb975","ts":"2025-12-14T08:00:20.522-05:00","eventName":"n8n.node.started","message":"n8n.node.started","payload":{"workflowId":"hCHBiVjz6LbZz8hS","workflowName":"RSS Feed","executionId":"23","nodeType":"n8n-nodes-base.rssFeedRead","nodeName":"Noted-RSS","nodeId":"6b9014df-1df9-49fa-8bcd-822e0c5f6a2a"}}
{"__type":"$$EventMessageConfirm","confirm":"2c369235-52cb-4e77-b341-f4c1179fb975","ts":"2025-12-14T08:00:20.522-05:00","source":{"id":"0","name":"eventBus"}}
{"__type":"$$EventMessageNode","id":"91a3bf3f-e22c-4f2a-a04c-22d674823249","ts":"2025-12-14T08:00:21.001-05:00","eventName":"n8n.node.finished","message":"n8n.node.finished","payload":{"workflowId":"hCHBiVjz6LbZz8hS","workflowName":"RSS Feed","executionId":"23","nodeType":"n8n-nodes-base.rssFeedRead","nodeName":"Noted-RSS","nodeId":"6b9014df-1df9-49fa-8bcd-822e0c5f6a2a"}}
{"__type":"$$EventMessageConfirm","confirm":"91a3bf3f-e22c-4f2a-a04c-22d674823249","ts":"2025-12-14T08:00:21.002-05:00","source":{"id":"0","name":"eventBus"}}
{"__type":"$$EventMessageNode","id":"71f6a24a-e7aa-44c9-a4b9-04a6cfc968fa","ts":"2025-12-14T08:00:21.002-05:00","eventName":"n8n.node.started","message":"n8n.node.started","payload":{"workflowId":"hCHBiVjz6LbZz8hS","workflowName":"RSS Feed","executionId":"23","nodeType":"n8n-nodes-base.rssFeedRead","nodeName":"ServeTheHome","nodeId":"6aed25fb-670a-4533-9fa6-17f6affcba57"}}
{"__type":"$$EventMessageConfirm","confirm":"71f6a24a-e7aa-44c9-a4b9-04a6cfc968fa","ts":"2025-12-14T08:00:21.002-05:00","source":{"id":"0","name":"eventBus"}}
{"__type":"$$EventMessageNode","id":"4b828ed0-c811-409c-9b58-5e3ac1ac9920","ts":"2025-12-14T08:00:21.461-05:00","eventName":"n8n.node.finished","message":"n8n.node.finished","payload":{"workflowId":"hCHBiVjz6LbZz8hS","workflowName":"RSS Feed","executionId":"23","nodeType":"n8n-nodes-base.rssFeedRead","nodeName":"ServeTheHome","nodeId":"6aed25fb-670a-4533-9fa6-17f6affcba57"}}
{"__type":"$$EventMessageConfirm","confirm":"4b828ed0-c811-409c-9b58-5e3ac1ac9920","ts":"2025-12-14T08:00:21.462-05:00","source":{"id":"0","name":"eventBus"}}
{"__type":"$$EventMessageNode","id":"52844f83-f0a7-479b-9ccc-24ba56770c0a","ts":"2025-12-14T08:00:21.462-05:00","eventName":"n8n.node.started","message":"n8n.node.started","payload":{"workflowId":"hCHBiVjz6LbZz8hS","workflowName":"RSS Feed","executionId":"23","nodeType":"n8n-nodes-base.rssFeedRead","nodeName":"Datascience","nodeId":"41ec9db5-b05a-45cb-a200-def2746b54eb"}}
{"__type":"$$EventMessageConfirm","confirm":"52844f83-f0a7-479b-9ccc-24ba56770c0a","ts":"2025-12-14T08:00:21.462-05:00","source":{"id":"0","name":"eventBus"}}
{"__type":"$$EventMessageNode","id":"6ede0f08-0b08-4d48-9890-014bb6261f8a","ts":"2025-12-14T08:00:21.937-05:00","eventName":"n8n.node.finished","message":"n8n.node.finished","payload":{"workflowId":"hCHBiVjz6LbZz8hS","workflowName":"RSS Feed","executionId":"23","nodeType":"n8n-nodes-base.rssFeedRead","nodeName":"Datascience","nodeId":"41ec9db5-b05a-45cb-a200-def2746b54eb"}}
{"__type":"$$EventMessageConfirm","confirm":"6ede0f08-0b08-4d48-9890-014bb6261f8a","ts":"2025-12-14T08:00:21.937-05:00","source":{"id":"0","name":"eventBus"}}
{"__type":"$$EventMessageNode","id":"6bf118c0-3512-4490-b82e-d9d46c607338","ts":"2025-12-14T08:00:21.937-05:00","eventName":"n8n.node.started","message":"n8n.node.started","payload":{"workflowId":"hCHBiVjz6LbZz8hS","workflowName":"RSS Feed","executionId":"23","nodeType":"n8n-nodes-base.rssFeedRead","nodeName":"KDnuggets","nodeId":"2f3b32af-5d22-4792-a323-f29ba3bc45fb"}}
{"__type":"$$EventMessageConfirm","confirm":"6bf118c0-3512-4490-b82e-d9d46c607338","ts":"2025-12-14T08:00:21.937-05:00","source":{"id":"0","name":"eventBus"}}
{"__type":"$$EventMessageNode","id":"4630eb03-3e89-4165-b215-ff45f6667b70","ts":"2025-12-14T08:00:22.075-05:00","eventName":"n8n.node.finished","message":"n8n.node.finished","payload":{"workflowId":"hCHBiVjz6LbZz8hS","workflowName":"RSS Feed","executionId":"23","nodeType":"n8n-nodes-base.rssFeedRead","nodeName":"KDnuggets","nodeId":"2f3b32af-5d22-4792-a323-f29ba3bc45fb"}}
{"__type":"$$EventMessageConfirm","confirm":"4630eb03-3e89-4165-b215-ff45f6667b70","ts":"2025-12-14T08:00:22.075-05:00","source":{"id":"0","name":"eventBus"}}
{"__type":"$$EventMessageNode","id":"ef6ef33b-1405-43c7-824f-02145d47f9bc","ts":"2025-12-14T08:00:22.075-05:00","eventName":"n8n.node.started","message":"n8n.node.started","payload":{"workflowId":"hCHBiVjz6LbZz8hS","workflowName":"RSS Feed","executionId":"23","nodeType":"n8n-nodes-base.merge","nodeName":"Merge","nodeId":"1b3f8ab3-cb54-4d2b-84c1-84eb86bb317e"}}
{"__type":"$$EventMessageConfirm","confirm":"ef6ef33b-1405-43c7-824f-02145d47f9bc","ts":"2025-12-14T08:00:22.075-05:00","source":{"id":"0","name":"eventBus"}}
{"__type":"$$EventMessageNode","id":"026acb01-5d90-497c-b820-2ea96e10ec01","ts":"2025-12-14T08:00:22.077-05:00","eventName":"n8n.node.finished","message":"n8n.node.finished","payload":{"workflowId":"hCHBiVjz6LbZz8hS","workflowName":"RSS Feed","executionId":"23","nodeType":"n8n-nodes-base.merge","nodeName":"Merge","nodeId":"1b3f8ab3-cb54-4d2b-84c1-84eb86bb317e"}}
{"__type":"$$EventMessageConfirm","confirm":"026acb01-5d90-497c-b820-2ea96e10ec01","ts":"2025-12-14T08:00:22.077-05:00","source":{"id":"0","name":"eventBus"}}
{"__type":"$$EventMessageNode","id":"29d2581d-2c42-45c0-b22c-859eac7f504e","ts":"2025-12-14T08:00:22.077-05:00","eventName":"n8n.node.started","message":"n8n.node.started","payload":{"workflowId":"hCHBiVjz6LbZz8hS","workflowName":"RSS Feed","executionId":"23","nodeType":"n8n-nodes-base.limit","nodeName":"Limit","nodeId":"c27a6f36-9c9e-4bd7-9a73-06c5468bd914"}}
{"__type":"$$EventMessageConfirm","confirm":"29d2581d-2c42-45c0-b22c-859eac7f504e","ts":"2025-12-14T08:00:22.077-05:00","source":{"id":"0","name":"eventBus"}}
{"__type":"$$EventMessageNode","id":"b6d62ca7-7534-4b15-a1d4-d881dfdda54e","ts":"2025-12-14T08:00:22.077-05:00","eventName":"n8n.node.finished","message":"n8n.node.finished","payload":{"workflowId":"hCHBiVjz6LbZz8hS","workflowName":"RSS Feed","executionId":"23","nodeType":"n8n-nodes-base.limit","nodeName":"Limit","nodeId":"c27a6f36-9c9e-4bd7-9a73-06c5468bd914"}}
{"__type":"$$EventMessageConfirm","confirm":"b6d62ca7-7534-4b15-a1d4-d881dfdda54e","ts":"2025-12-14T08:00:22.077-05:00","source":{"id":"0","name":"eventBus"}}
{"__type":"$$EventMessageNode","id":"77fc5a53-8555-4cf6-9da8-3e1bcfcfd2c6","ts":"2025-12-14T08:00:22.077-05:00","eventName":"n8n.node.started","message":"n8n.node.started","payload":{"workflowId":"hCHBiVjz6LbZz8hS","workflowName":"RSS Feed","executionId":"23","nodeType":"n8n-nodes-base.discord","nodeName":"Discord","nodeId":"28a4a74e-c4dd-4b88-825e-ba27867c3bef"}}
{"__type":"$$EventMessageConfirm","confirm":"77fc5a53-8555-4cf6-9da8-3e1bcfcfd2c6","ts":"2025-12-14T08:00:22.078-05:00","source":{"id":"0","name":"eventBus"}}
{"__type":"$$EventMessageNode","id":"e7c3f9a6-3de5-4aab-b5c1-c8cb49bd0bb1","ts":"2025-12-14T08:00:28.396-05:00","eventName":"n8n.node.finished","message":"n8n.node.finished","payload":{"workflowId":"hCHBiVjz6LbZz8hS","workflowName":"RSS Feed","executionId":"23","nodeType":"n8n-nodes-base.discord","nodeName":"Discord","nodeId":"28a4a74e-c4dd-4b88-825e-ba27867c3bef"}}
{"__type":"$$EventMessageConfirm","confirm":"e7c3f9a6-3de5-4aab-b5c1-c8cb49bd0bb1","ts":"2025-12-14T08:00:28.396-05:00","source":{"id":"0","name":"eventBus"}}
{"__type":"$$EventMessageWorkflow","id":"888b0c98-9428-4c8b-a432-1e9a5a043823","ts":"2025-12-14T08:00:28.396-05:00","eventName":"n8n.workflow.success","message":"n8n.workflow.success","payload":{"executionId":"23","success":true,"isManual":false,"workflowId":"hCHBiVjz6LbZz8hS","workflowName":"RSS Feed"}}
{"__type":"$$EventMessageConfirm","confirm":"888b0c98-9428-4c8b-a432-1e9a5a043823","ts":"2025-12-14T08:00:28.396-05:00","source":{"id":"0","name":"eventBus"}}
